$ C:\Users\gurra\NeuroSem\.venv\Scripts\python.exe -m pytest -p no:cacheprovider -rA --durations=15

============================= test session starts =============================
platform win32 -- Python 3.12.10, pytest-9.1.1, pluggy-1.6.0
rootdir: C:\Users\gurra\NeuroSem
configfile: pyproject.toml
testpaths: tests
plugins: anyio-4.15.1, cov-7.1.0
collected 1066 items

tests\integration\test_features_real_trace.py ...                        [  0%]
tests\integration\test_instability_status.py ....                        [  0%]
tests\integration\test_jneuroml_adapter.py ............................. [  3%]
.........                                                                [  4%]
tests\integration\test_kinetics_validation.py .                          [  4%]
tests\integration\test_mutants_validate.py 
[pospischil2008_rs] 38 mutants, 23 distinct cell-file validations
  duplicate_conductance          valid 2/2
  increase_dt                    valid 2/2
  omit_include                   valid 1/2
      m-omit_include-1e5a6df120: ['Test: 10025 (Ion channel in channelDensity should exist) failed! ... Ion channel: LeakConductance in LeakConductance_all not found!', 'Validated 1 files: 0 passed, 1 failed']
  record_wrong_variable          valid 2/2
  recording_resolution           valid 2/2
  scale_capacitance              valid 2/2
  scale_conductance              valid 2/2
  scale_gate_time_constant       valid 2/2
  shift_channel_vshift           valid 2/2
  shift_initial_voltage          valid 2/2
  shift_reversal                 valid 2/2
  sim_length                     valid 2/2
  solver_config                  valid 2/2
  stim_amplitude                 valid 2/2
  stim_duration                  valid 2/2
  stim_onset                     valid 2/2
  wrong_channel                  valid 2/2
  wrong_compatible_component     valid 2/2
  wrong_segment_group            valid 2/2
  operators yielding structurally invalid cell files: ['omit_include']
.
[pospischil2008_lts] 36 mutants, 21 distinct cell-file validations
  duplicate_conductance          valid 2/2
  increase_dt                    valid 2/2
  omit_include                   valid 1/2
      m-omit_include-0307bc9abe: ['Test: 10025 (Ion channel in channelDensity should exist) failed! ... Ion channel: IT in IT_all not found!', 'Validated 1 files: 0 passed, 1 failed']
  record_wrong_variable          valid 2/2
  recording_resolution           valid 2/2
  scale_capacitance              valid 2/2
  scale_conductance              valid 2/2
  scale_gate_time_constant       valid 2/2
  shift_initial_voltage          valid 2/2
  shift_reversal                 valid 2/2
  sim_length                     valid 2/2
  solver_config                  valid 2/2
  stim_amplitude                 valid 2/2
  stim_duration                  valid 2/2
  stim_onset                     valid 2/2
  wrong_channel                  valid 2/2
  wrong_compatible_component     valid 2/2
  wrong_segment_group            valid 2/2
  operators yielding structurally invalid cell files: ['omit_include']
.
[solver_config=rk4] max|dv| vs reference = 0.0 mV
.
[solver_config=eulertree] max|dv| vs reference = 0.0 mV
.                          [  4%]
tests\integration\test_pilot_v2_pipeline.py .                            [  4%]
tests\integration\test_probe_battery.py .......................          [  6%]
tests\integration\test_run_recorder.py ..                                [  7%]
tests\integration\test_transforms_validate.py .........                  [  7%]
tests\regression\test_pilot1_corrected_facts.py ...                      [  8%]
tests\unit\test_agent_harness.py ....................................... [ 11%]
.....................................................                    [ 16%]
tests\unit\test_analysis_metrics.py ....................                 [ 18%]
tests\unit\test_analyze_sensitivity.py .                                 [ 18%]
tests\unit\test_bootstrap.py ...............................             [ 21%]
tests\unit\test_build_protocol_manifest.py ...............               [ 23%]
tests\unit\test_campaign_registry.py ..........                          [ 24%]
tests\unit\test_convergence_fingerprint.py ..........                    [ 25%]
tests\unit\test_efel_adapter.py .....................................    [ 28%]
tests\unit\test_execution_canonical.py .........                         [ 29%]
tests\unit\test_figures.py .....................                         [ 31%]
tests\unit\test_generate_xml.py ........................................ [ 35%]
.....                                                                    [ 35%]
tests\unit\test_greedy_selection.py .........................            [ 37%]
tests\unit\test_infra_bootstrap_java.py ................................ [ 40%]
..............s                                                          [ 42%]
tests\unit\test_infra_repro_files.py .........                           [ 43%]
tests\unit\test_kinetics_operators.py .......                            [ 43%]
tests\unit\test_load_dat_grid.py ..                                      [ 43%]
tests\unit\test_model_manifest_fields.py ....                            [ 44%]
tests\unit\test_models_manifest.py ............................          [ 46%]
tests\unit\test_mutation_operators.py .................................. [ 50%]
..................                                                       [ 51%]
tests\unit\test_mutations_base.py ...................................... [ 55%]
................                                                         [ 56%]
tests\unit\test_pilot2_protocol.py ............                          [ 58%]
tests\unit\test_pilot_outputs.py ...                                     [ 58%]
tests\unit\test_pilot_protocol_v1.py ......                              [ 58%]
tests\unit\test_pilot_v2_outputs.py ......                               [ 59%]
tests\unit\test_protocol_definitions.py ................................ [ 62%]
...                                                                      [ 62%]
tests\unit\test_provenance.py ..........................                 [ 65%]
tests\unit\test_regimes.py ........................                      [ 67%]
tests\unit\test_rheobase_search.py ..................................... [ 70%]
...................                                                      [ 72%]
tests\unit\test_run_record_fields.py ...                                 [ 72%]
tests\unit\test_science_docs.py ........................                 [ 75%]
tests\unit\test_selection_matrix.py .....................                [ 77%]
tests\unit\test_splits_leakage.py ...................................    [ 80%]
tests\unit\test_strata.py .........                                      [ 81%]
tests\unit\test_trace_metrics.py ...............                         [ 82%]
tests\unit\test_transforms.py .......................................... [ 86%]
...                                                                      [ 86%]
tests\unit\test_units.py ............................................... [ 91%]
........................................................................ [ 98%]
..                                                                       [ 98%]
tests\unit\test_validation_levels.py ..................                  [100%]

=================================== PASSES ====================================
_________ test_every_transform_validates_with_jnml[pospischil2008_rs] _________
---------------------------- Captured stdout call -----------------------------

pospischil2008_rs: {
 "validated_files": 78,
 "variants": 32,
 "preexisting_invalid_files_touched": [],
 "harness_runs": {
  "pospischil2008_rs__add_comments__000": {
   "max_abs_diff_mV": 0.0,
   "bitwise_equal": true,
   "n_samples": 2401
  },
  "pospischil2008_rs__rename_identifier__000": {
   "max_abs_diff_mV": 0.0,
   "bitwise_equal": true,
   "n_samples": 2401
  },
  "pospischil2008_rs__rename_identifier__002": {
   "max_abs_diff_mV": 0.0,
   "bitwise_equal": true,
   "n_samples": 2401
  },
  "pospischil2008_rs__rename_identifier__003": {
   "max_abs_diff_mV": 0.0,
   "bitwise_equal": true,
   "n_samples": 2401
  },
  "pospischil2008_rs__reorder_independent__000": {
   "max_abs_diff_mV": 0.0,
   "bitwise_equal": true,
   "n_samples": 2401
  }
 }
}
________ test_every_transform_validates_with_jnml[pospischil2008_lts] _________
---------------------------- Captured stdout call -----------------------------

pospischil2008_lts: {
 "validated_files": 83,
 "variants": 32,
 "preexisting_invalid_files_touched": [
  "NeuroML2/channels/Ca/Ca.nml",
  "NeuroML2/channels/IT/IT.channel.nml"
 ],
 "harness_runs": {
  "pospischil2008_lts__rename_identifier__001": {
   "max_abs_diff_mV": 0.0,
   "bitwise_equal": true,
   "n_samples": 2401
  },
  "pospischil2008_lts__rename_identifier__002": {
   "max_abs_diff_mV": 0.0,
   "bitwise_equal": true,
   "n_samples": 2401
  },
  "pospischil2008_lts__rename_identifier__003": {
   "max_abs_diff_mV": 0.0,
   "bitwise_equal": true,
   "n_samples": 2401
  },
  "pospischil2008_lts__reorder_independent__000": {
   "max_abs_diff_mV": 0.0,
   "bitwise_equal": true,
   "n_samples": 2401
  },
  "pospischil2008_lts__xml_formatting__000": {
   "max_abs_diff_mV": 0.0,
   "bitwise_equal": true,
   "n_samples": 2401
  }
 }
}
__________ test_every_transform_validates_with_jnml[nml2_hh_example] __________
---------------------------- Captured stdout call -----------------------------

nml2_hh_example: {
 "validated_files": 36,
 "variants": 32,
 "preexisting_invalid_files_touched": [],
 "harness_runs": {
  "nml2_hh_example__add_comments__000": {
   "max_abs_diff_mV": 0.0,
   "bitwise_equal": true,
   "n_samples": 2401
  },
  "nml2_hh_example__add_comments__001": {
   "max_abs_diff_mV": 0.0,
   "bitwise_equal": true,
   "n_samples": 2401
  },
  "nml2_hh_example__rename_identifier__001": {
   "max_abs_diff_mV": 0.0,
   "bitwise_equal": true,
   "n_samples": 2401
  },
  "nml2_hh_example__rename_identifier__002": {
   "max_abs_diff_mV": 0.0,
   "bitwise_equal": true,
   "n_samples": 2401
  },
  "nml2_hh_example__rename_identifier__003": {
   "max_abs_diff_mV": 0.0,
   "bitwise_equal": true,
   "n_samples": 2401
  },
  "nml2_hh_example__xml_formatting__000": {
   "max_abs_diff_mV": 0.0,
   "bitwise_equal": true,
   "n_samples": 2401
  },
  "nml2_hh_example__xml_formatting__001": {
   "max_abs_diff_mV": 0.0,
   "bitwise_equal": true,
   "n_samples": 2401
  }
 }
}
____________ test_all_sites_validate_with_jnml[pospischil2008_rs] _____________
---------------------------- Captured stdout call -----------------------------

pospischil2008_rs all sites: {"sites_per_operator": {"add_comments": 21, "explicit_default": 8, "factor_file": 11, "numeric_literal_format": 126, "rename_identifier": 20, "reorder_independent": 13, "unit_conversion": 39, "xml_formatting": 14}, "variants": 252, "validated_files": 630, "preexisting_invalid_files_touched": []}
____________ test_all_sites_validate_with_jnml[pospischil2008_lts] ____________
---------------------------- Captured stdout call -----------------------------

pospischil2008_lts all sites: {"sites_per_operator": {"add_comments": 27, "explicit_default": 10, "factor_file": 15, "numeric_literal_format": 153, "rename_identifier": 25, "reorder_independent": 14, "unit_conversion": 51, "xml_formatting": 18}, "variants": 313, "validated_files": 803, "preexisting_invalid_files_touched": ["NeuroML2/channels/Ca/Ca.nml", "NeuroML2/channels/IT/IT.channel.nml"]}
_____________ test_all_sites_validate_with_jnml[nml2_hh_example] ______________
---------------------------- Captured stdout call -----------------------------

nml2_hh_example all sites: {"sites_per_operator": {"add_comments": 6, "explicit_default": 7, "factor_file": 4, "numeric_literal_format": 111, "rename_identifier": 16, "reorder_independent": 5, "unit_conversion": 55, "xml_formatting": 4}, "variants": 208, "validated_files": 212, "preexisting_invalid_files_touched": []}
____________ test_probe_traces_match_reference[pospischil2008_rs] _____________
---------------------------- Captured stdout call -----------------------------

pospischil2008_rs probe max |dV| (mV): {"add_comments": 0.0, "explicit_default": 0.0, "factor_file": 0.0, "numeric_literal_format": 0.0, "rename_identifier": 0.0, "reorder_independent": 0.0, "unit_conversion": 0.0, "xml_formatting": 0.0, "rename_identifier:cell": 0.0, "factor_file:cell": 0.0}
____________ test_probe_traces_match_reference[pospischil2008_lts] ____________
---------------------------- Captured stdout call -----------------------------

pospischil2008_lts probe max |dV| (mV): {"add_comments": 0.0, "explicit_default": 0.0, "factor_file": 0.0, "numeric_literal_format": 0.0, "rename_identifier": 0.0, "reorder_independent": 0.0, "unit_conversion": 0.0, "xml_formatting": 0.0, "rename_identifier:cell": 0.0, "factor_file:cell": 0.0}
_____________ test_probe_traces_match_reference[nml2_hh_example] ______________
---------------------------- Captured stdout call -----------------------------

nml2_hh_example probe max |dV| (mV): {"add_comments": 0.0, "explicit_default": 0.0, "factor_file": 0.0, "numeric_literal_format": 0.0, "rename_identifier": 0.0, "reorder_independent": 0.0, "unit_conversion": 0.0, "xml_formatting": 0.0, "rename_identifier:cell": 0.0, "factor_file:ionChannelHH": 0.0}
____________________ test_committed_manifest_is_up_to_date ____________________
---------------------------- Captured stdout call -----------------------------
OK: C:\Users\gurra\NeuroSem\data\protocol_manifest.csv matches the templates (12 protocols)
___________________ test_write_then_check_and_detect_stale ____________________
---------------------------- Captured stdout call -----------------------------
STALE: C:\Users\gurra\AppData\Local\Temp\pytest-of-gurra\pytest-172\test_write_then_check_and_dete0\pm.csv does not match the templates; run scripts/build_protocol_manifest.py
wrote C:\Users\gurra\AppData\Local\Temp\pytest-of-gurra\pytest-172\test_write_then_check_and_dete0\pm.csv: 12 protocols (10 implemented, 2 deferred)
OK: C:\Users\gurra\AppData\Local\Temp\pytest-of-gurra\pytest-172\test_write_then_check_and_dete0\pm.csv matches the templates (12 protocols)
STALE: C:\Users\gurra\AppData\Local\Temp\pytest-of-gurra\pytest-172\test_write_then_check_and_dete0\pm.csv does not match the templates; run scripts/build_protocol_manifest.py
________________ test_relative_study_path_resolves_against_cwd ________________
---------------------------- Captured stdout call -----------------------------
wrote C:\Users\gurra\AppData\Local\Temp\pytest-of-gurra\pytest-172\test_relative_study_path_resol0\pm.csv: 1 protocols (1 implemented, 0 deferred)
OK: C:\Users\gurra\AppData\Local\Temp\pytest-of-gurra\pytest-172\test_relative_study_path_resol0\pm.csv matches the templates (1 protocols)
_________________________ test_keep_archive_and_reuse _________________________
---------------------------- Captured stdout call -----------------------------
query     http://127.0.0.1:58940/v3/assets/latest/21/hotspot?os=linux&architecture=x64&image_type=jre&vendor=eclipse
release   jdk-21.0.99+9 (21.0.99+9-LTS), linux/x64 jre
package   OpenJDK21U-jre_x64_linux_hotspot_21.0.99_9.tar.gz (0.0 MB)
sha256    e61f9862c85846787ea9ba22eec5c500cfecb4af98b2752bba6ebede7ee182df (API)
sha256    matches the publisher's .sha256.txt file
download  http://127.0.0.1:58940/dl/OpenJDK21U-jre_x64_linux_hotspot_21.0.99_9.tar.gz
verified  OpenJDK21U-jre_x64_linux_hotspot_21.0.99_9.tar.gz SHA-256 e61f9862c85846787ea9ba22eec5c500cfecb4af98b2752bba6ebede7ee182df
wrote     C:\Users\gurra\AppData\Local\Temp\pytest-of-gurra\pytest-172\test_keep_archive_and_reuse0\java\jdk-21.0.99+9-jre.provenance.json
hint      set NEUROSEM_JAVA=C:\Users\gurra\AppData\Local\Temp\pytest-of-gurra\pytest-172\test_keep_archive_and_reuse0\java\jdk-21.0.99+9-jre\bin\java
============================ slowest 15 durations =============================
1745.90s call     tests/integration/test_pilot_v2_pipeline.py::test_pilot_v2_pipeline_end_to_end
76.35s call     tests/integration/test_kinetics_validation.py::test_kinetics_operators_pass_validation_on_fixtures
76.03s call     tests/integration/test_transforms_validate.py::test_all_sites_validate_with_jnml[pospischil2008_lts]
63.13s call     tests/integration/test_transforms_validate.py::test_all_sites_validate_with_jnml[pospischil2008_rs]
20.81s call     tests/integration/test_mutants_validate.py::test_mutants_validate_and_pass_enforcement[pospischil2008_rs]
17.83s call     tests/integration/test_mutants_validate.py::test_mutants_validate_and_pass_enforcement[pospischil2008_lts]
17.14s call     tests/integration/test_transforms_validate.py::test_probe_traces_match_reference[pospischil2008_lts]
16.90s call     tests/integration/test_transforms_validate.py::test_probe_traces_match_reference[pospischil2008_rs]
16.87s call     tests/unit/test_mutation_operators.py::test_every_site_passes_enforcement[lts_ws]
16.52s call     tests/integration/test_transforms_validate.py::test_probe_traces_match_reference[nml2_hh_example]
15.91s call     tests/integration/test_transforms_validate.py::test_every_transform_validates_with_jnml[pospischil2008_rs]
15.90s call     tests/integration/test_transforms_validate.py::test_all_sites_validate_with_jnml[nml2_hh_example]
15.84s call     tests/unit/test_mutation_operators.py::test_every_site_passes_enforcement[rs_ws]
15.40s call     tests/integration/test_transforms_validate.py::test_every_transform_validates_with_jnml[pospischil2008_lts]
13.42s call     tests/integration/test_transforms_validate.py::test_every_transform_validates_with_jnml[nml2_hh_example]
=========================== short test summary info ===========================
PASSED tests/integration/test_features_real_trace.py::test_real_trace_is_uniform_and_storable
PASSED tests/integration/test_features_real_trace.py::test_rs_features_are_physiologically_plausible
PASSED tests/integration/test_features_real_trace.py::test_features_reproduce_from_the_packed_float32_trace
PASSED tests/integration/test_instability_status.py::test_observed_divergent_groups_are_numerically_unstable[protocol_ids0]
PASSED tests/integration/test_instability_status.py::test_observed_divergent_groups_are_numerically_unstable[protocol_ids1]
PASSED tests/integration/test_instability_status.py::test_quiet_huge_step_can_still_run
PASSED tests/integration/test_instability_status.py::test_missing_component_is_build_error
PASSED tests/integration/test_jneuroml_adapter.py::test_find_jar_env_override_to_missing_file
PASSED tests/integration/test_jneuroml_adapter.py::test_find_jar_env_override_to_existing_file
PASSED tests/integration/test_jneuroml_adapter.py::test_find_java_skips_missing_env_candidate
PASSED tests/integration/test_jneuroml_adapter.py::test_find_java_env_candidate_wins
PASSED tests/integration/test_jneuroml_adapter.py::test_java_none_is_tool_failure_never_model_failure
PASSED tests/integration/test_jneuroml_adapter.py::test_jar_none_is_tool_failure
PASSED tests/integration/test_jneuroml_adapter.py::test_nonexistent_java_executable_is_tool_failure
PASSED tests/integration/test_jneuroml_adapter.py::test_version_info_matches_audited_versions
PASSED tests/integration/test_jneuroml_adapter.py::test_validate_valid_cell
PASSED tests/integration/test_jneuroml_adapter.py::test_validate_schema_violation
PASSED tests/integration/test_jneuroml_adapter.py::test_validate_bad_channel_reference
PASSED tests/integration/test_jneuroml_adapter.py::test_validate_broken_include_reference
PASSED tests/integration/test_jneuroml_adapter.py::test_validate_malformed_xml
PASSED tests/integration/test_jneuroml_adapter.py::test_validate_mixed_files_is_invalid
PASSED tests/integration/test_jneuroml_adapter.py::test_validate_missing_file_is_not_reported_valid
PASSED tests/integration/test_jneuroml_adapter.py::test_shortened_shipped_harness_runs
PASSED tests/integration/test_jneuroml_adapter.py::test_shortened_harness_trace_units_and_grid
PASSED tests/integration/test_jneuroml_adapter.py::test_stale_output_is_replaced
PASSED tests/integration/test_jneuroml_adapter.py::test_sample_every_ms_strides_real_output
PASSED tests/integration/test_jneuroml_adapter.py::test_workspace_path_with_spaces
PASSED tests/integration/test_jneuroml_adapter.py::test_missing_include_is_build_error
PASSED tests/integration/test_jneuroml_adapter.py::test_unresolvable_target_is_build_error
PASSED tests/integration/test_jneuroml_adapter.py::test_missing_output_file_is_runtime_error
PASSED tests/integration/test_jneuroml_adapter.py::test_missing_output_column_is_runtime_error
PASSED tests/integration/test_jneuroml_adapter.py::test_timeout
PASSED tests/integration/test_jneuroml_adapter.py::test_real_numerical_blowup_is_unstable_not_build_error
PASSED tests/integration/test_jneuroml_adapter.py::test_moderate_current_at_coarse_dt_is_ok
PASSED tests/integration/test_jneuroml_adapter.py::test_load_dat_converts_si_to_ms_mv
PASSED tests/integration/test_jneuroml_adapter.py::test_load_dat_stride_and_errors
PASSED tests/integration/test_jneuroml_adapter.py::test_load_dat_reads_out_of_bound_and_nan_values
PASSED tests/integration/test_jneuroml_adapter.py::test_unstable_rule_on_synthetic_output[10.001-numerically_unstable]
PASSED tests/integration/test_jneuroml_adapter.py::test_unstable_rule_on_synthetic_output[-10.001-numerically_unstable]
PASSED tests/integration/test_jneuroml_adapter.py::test_unstable_rule_on_synthetic_output[nan-numerically_unstable]
PASSED tests/integration/test_jneuroml_adapter.py::test_unstable_rule_on_synthetic_output[inf-numerically_unstable]
PASSED tests/integration/test_jneuroml_adapter.py::test_unstable_rule_on_synthetic_output[10.0-ok]
PASSED tests/integration/test_jneuroml_adapter.py::test_unstable_rule_on_synthetic_output[0.3-ok]
PASSED tests/integration/test_jneuroml_adapter.py::test_unstable_rule_on_synthetic_output[0.05-ok]
PASSED tests/integration/test_jneuroml_adapter.py::test_unstable_bound_constant
PASSED tests/integration/test_kinetics_validation.py::test_kinetics_operators_pass_validation_on_fixtures
PASSED tests/integration/test_mutants_validate.py::test_mutants_validate_and_pass_enforcement[pospischil2008_rs]
PASSED tests/integration/test_mutants_validate.py::test_mutants_validate_and_pass_enforcement[pospischil2008_lts]
PASSED tests/integration/test_mutants_validate.py::test_solver_config_harness_still_runs[rk4]
PASSED tests/integration/test_mutants_validate.py::test_solver_config_harness_still_runs[eulertree]
PASSED tests/integration/test_pilot_v2_pipeline.py::test_pilot_v2_pipeline_end_to_end
PASSED tests/integration/test_probe_battery.py::test_every_implemented_protocol_is_in_the_battery
PASSED tests/integration/test_probe_battery.py::test_every_group_runs_ok_and_returns_every_trace
PASSED tests/integration/test_probe_battery.py::test_traces_span_the_protocol_on_the_requested_grid
PASSED tests/integration/test_probe_battery.py::test_zero_current_baseline_never_diverges_from_itself_across_groups
PASSED tests/integration/test_probe_battery.py::test_pulse_onset_is_exactly_at_settle[P02_weak_step]
PASSED tests/integration/test_probe_battery.py::test_pulse_onset_is_exactly_at_settle[P04_step_2x]
PASSED tests/integration/test_probe_battery.py::test_pulse_onset_is_exactly_at_settle[P05_long_step]
PASSED tests/integration/test_probe_battery.py::test_pulse_onset_is_exactly_at_settle[P07_hyperpolarizing_step]
PASSED tests/integration/test_probe_battery.py::test_pulse_onset_is_exactly_at_settle[P08_rebound]
PASSED tests/integration/test_probe_battery.py::test_pulse_onset_is_exactly_at_settle[P09_short_pulse]
PASSED tests/integration/test_probe_battery.py::test_pulse_onset_is_exactly_at_settle[P10_paired_pulses]
PASSED tests/integration/test_probe_battery.py::test_ramp_onset_is_not_before_settle
PASSED tests/integration/test_probe_battery.py::test_deflection_direction_follows_stimulus_sign
PASSED tests/integration/test_probe_battery.py::test_second_paired_pulse_starts_where_protocol_says
PASSED tests/integration/test_probe_battery.py::test_steps_with_different_amplitude_diverge_at_onset
PASSED tests/integration/test_probe_battery.py::test_hyperpolarizing_release_repolarizes[P07_hyperpolarizing_step]
PASSED tests/integration/test_probe_battery.py::test_hyperpolarizing_release_repolarizes[P08_rebound]
PASSED tests/integration/test_probe_battery.py::test_short_pulse_response_peaks_inside_window_then_decays
PASSED tests/integration/test_probe_battery.py::test_generated_pulse_only_network_passes_jnml_validation
PASSED tests/integration/test_probe_battery.py::test_generated_ramp_network_passes_jnml_validation
PASSED tests/integration/test_probe_battery.py::test_one_file_full_battery_network_passes_jnml_validation
PASSED tests/integration/test_probe_battery.py::test_meta_integrator_method_does_not_change_trace
PASSED tests/integration/test_probe_battery.py::test_make_step_counter_real_simulation
PASSED tests/integration/test_run_recorder.py::test_cache_immutability_reproducibility_and_feature_rekeying
PASSED tests/integration/test_run_recorder.py::test_build_error_is_recorded_and_not_retried
PASSED tests/integration/test_transforms_validate.py::test_every_transform_validates_with_jnml[pospischil2008_rs]
PASSED tests/integration/test_transforms_validate.py::test_every_transform_validates_with_jnml[pospischil2008_lts]
PASSED tests/integration/test_transforms_validate.py::test_every_transform_validates_with_jnml[nml2_hh_example]
PASSED tests/integration/test_transforms_validate.py::test_all_sites_validate_with_jnml[pospischil2008_rs]
PASSED tests/integration/test_transforms_validate.py::test_all_sites_validate_with_jnml[pospischil2008_lts]
PASSED tests/integration/test_transforms_validate.py::test_all_sites_validate_with_jnml[nml2_hh_example]
PASSED tests/integration/test_transforms_validate.py::test_probe_traces_match_reference[pospischil2008_rs]
PASSED tests/integration/test_transforms_validate.py::test_probe_traces_match_reference[pospischil2008_lts]
PASSED tests/integration/test_transforms_validate.py::test_probe_traces_match_reference[nml2_hh_example]
PASSED tests/regression/test_pilot1_corrected_facts.py::test_corrected_counts
PASSED tests/regression/test_pilot1_corrected_facts.py::test_sealed_pilot_is_registered_exploratory_and_read_only
PASSED tests/regression/test_pilot1_corrected_facts.py::test_pilot1_run_records_load_under_the_current_schema
PASSED tests/unit/test_agent_harness.py::test_nine_tasks_cover_the_specification_task_types
PASSED tests/unit/test_agent_harness.py::test_seeds_and_oracles_use_architecture_operator_names
PASSED tests/unit/test_agent_harness.py::test_task_schema_rejects_invalid_definitions[unknown key-<lambda>]
PASSED tests/unit/test_agent_harness.py::test_task_schema_rejects_invalid_definitions[unknown type-<lambda>]
PASSED tests/unit/test_agent_harness.py::test_task_schema_rejects_invalid_definitions[unknown model-<lambda>]
PASSED tests/unit/test_agent_harness.py::test_task_schema_rejects_invalid_definitions[repair without seed-<lambda>]
PASSED tests/unit/test_agent_harness.py::test_task_schema_rejects_invalid_definitions[seed on unseeded type-<lambda>]
PASSED tests/unit/test_agent_harness.py::test_task_schema_rejects_invalid_definitions[unknown operator-<lambda>]
PASSED tests/unit/test_agent_harness.py::test_task_schema_rejects_invalid_definitions[operator without file edit-<lambda>]
PASSED tests/unit/test_agent_harness.py::test_task_schema_rejects_invalid_definitions[escaping path-<lambda>]
PASSED tests/unit/test_agent_harness.py::test_task_schema_rejects_invalid_definitions[outside model-<lambda>]
PASSED tests/unit/test_agent_harness.py::test_task_schema_rejects_invalid_definitions[reserved answer file-<lambda>]
PASSED tests/unit/test_agent_harness.py::test_task_schema_rejects_invalid_definitions[budget over policy-<lambda>]
PASSED tests/unit/test_agent_harness.py::test_task_schema_rejects_invalid_definitions[wrong schema-<lambda>]
PASSED tests/unit/test_agent_harness.py::test_prompts_do_not_reveal_hidden_checks
PASSED tests/unit/test_agent_harness.py::test_public_checks_match_policy_and_reference_files
PASSED tests/unit/test_agent_harness.py::test_hidden_specs_are_consistent_with_reference_models
PASSED tests/unit/test_agent_harness.py::test_policy_documents_mandatory_exclusions_and_exports_no_framework
PASSED tests/unit/test_agent_harness.py::test_mandatory_exclusions[.git/HEAD]
PASSED tests/unit/test_agent_harness.py::test_mandatory_exclusions[sub/.git/config]
PASSED tests/unit/test_agent_harness.py::test_mandatory_exclusions[agent_study/hidden/t01_unit_repair/hidden_checks.yaml]
PASSED tests/unit/test_agent_harness.py::test_mandatory_exclusions[agent_study/tasks/t01_unit_repair/task.yaml]
PASSED tests/unit/test_agent_harness.py::test_mandatory_exclusions[docs/m0_evidence/tools/efel.verify.json]
PASSED tests/unit/test_agent_harness.py::test_mandatory_exclusions[results/raw/c/r/run.json]
PASSED tests/unit/test_agent_harness.py::test_mandatory_exclusions[work/tmp/a.txt]
PASSED tests/unit/test_agent_harness.py::test_mandatory_exclusions[data/splits/heldout/any_name.txt]
PASSED tests/unit/test_agent_harness.py::test_mandatory_exclusions[models/raw/X/PROVENANCE.json]
PASSED tests/unit/test_agent_harness.py::test_mandatory_exclusions[src/neuraxis/experiments/agent.py]
PASSED tests/unit/test_agent_harness.py::test_mandatory_exclusions[tests/unit/test_agent_harness.py]
PASSED tests/unit/test_agent_harness.py::test_mandatory_exclusions[configs/agent_policy.yaml]
PASSED tests/unit/test_agent_harness.py::test_mandatory_exclusions[src/neuraxis/__pycache__/x.cpython-312.pyc]
PASSED tests/unit/test_agent_harness.py::test_mandatory_exclusions[docs/agent_study_protocol.md]
PASSED tests/unit/test_agent_harness.py::test_ordinary_files_are_not_excluded
PASSED tests/unit/test_agent_harness.py::test_export_tree_never_exports_hidden_material_even_if_everything_is_included
PASSED tests/unit/test_agent_harness.py::test_leak_scan_flags_markers_git_and_forbidden_names
PASSED tests/unit/test_agent_harness.py::test_prepare_trial_exports_only_public_material
PASSED tests/unit/test_agent_harness.py::test_export_manifest_hashes_match_and_detect_changes
PASSED tests/unit/test_agent_harness.py::test_exported_timestamps_do_not_reveal_the_seeded_file[t06_single_conductance_change]
PASSED tests/unit/test_agent_harness.py::test_exported_timestamps_do_not_reveal_the_seeded_file[t09_behaviour_diagnosis]
PASSED tests/unit/test_agent_harness.py::test_prepare_trial_is_deterministic_and_refuses_unsafe_locations
PASSED tests/unit/test_agent_harness.py::test_prepare_trial_refuses_uncommitted_inputs
PASSED tests/unit/test_agent_harness.py::test_source_state_treats_paths_outside_the_repository_as_uncommitted
PASSED tests/unit/test_agent_harness.py::test_operator_adapter_selects_exact_sites_and_never_imposes_parameters
PASSED tests/unit/test_agent_harness.py::test_prepare_trial_applies_seeded_fault_by_operator_name[t01_unit_repair]
PASSED tests/unit/test_agent_harness.py::test_prepare_trial_applies_seeded_fault_by_operator_name[t02_stimulus_restore]
PASSED tests/unit/test_agent_harness.py::test_prepare_trial_applies_seeded_fault_by_operator_name[t07_channel_reference_repair]
PASSED tests/unit/test_agent_harness.py::test_prepare_trial_applies_seeded_fault_by_operator_name[t09_behaviour_diagnosis]
PASSED tests/unit/test_agent_harness.py::test_minimal_attribute_rewrite_keeps_every_other_byte
PASSED tests/unit/test_agent_harness.py::test_semantic_diff_ignores_formatting_comments_and_attribute_order
PASSED tests/unit/test_agent_harness.py::test_semantic_diff_sees_namespace_and_tail_text
PASSED tests/unit/test_agent_harness.py::test_ignore_patterns_and_declared_outputs_hide_only_new_files
PASSED tests/unit/test_agent_harness.py::test_semantic_diff_reports_located_changes_and_rules_classify_them
PASSED tests/unit/test_agent_harness.py::test_edit_scope_and_patch_on_an_exported_trial
PASSED tests/unit/test_agent_harness.py::test_quantity_assertions_accept_equivalent_spellings_and_reject_decimal_slips
PASSED tests/unit/test_agent_harness.py::test_answer_assertions_normalize_paths
PASSED tests/unit/test_agent_harness.py::test_refactor_assertions_and_edit_rules
PASSED tests/unit/test_agent_harness.py::test_hidden_evaluators_on_correct_and_wrong_solutions[t01_unit_repair-correct unit]
PASSED tests/unit/test_agent_harness.py::test_hidden_evaluators_on_correct_and_wrong_solutions[t01_unit_repair-decimal slip]
PASSED tests/unit/test_agent_harness.py::test_hidden_evaluators_on_correct_and_wrong_solutions[t01_unit_repair-also edits kChans]
PASSED tests/unit/test_agent_harness.py::test_hidden_evaluators_on_correct_and_wrong_solutions[t02_stimulus_restore-amplitude restored]
PASSED tests/unit/test_agent_harness.py::test_hidden_evaluators_on_correct_and_wrong_solutions[t02_stimulus_restore-duration lengthened instead]
PASSED tests/unit/test_agent_harness.py::test_hidden_evaluators_on_correct_and_wrong_solutions[t03_channel_rename-full rename]
PASSED tests/unit/test_agent_harness.py::test_hidden_evaluators_on_correct_and_wrong_solutions[t03_channel_rename-channel file only]
PASSED tests/unit/test_agent_harness.py::test_hidden_evaluators_on_correct_and_wrong_solutions[t07_channel_reference_repair-reference repaired]
PASSED tests/unit/test_agent_harness.py::test_hidden_evaluators_on_correct_and_wrong_solutions[t07_channel_reference_repair-Display paths edited]
PASSED tests/unit/test_agent_harness.py::test_hidden_evaluators_on_correct_and_wrong_solutions[t08_runtime_improvement-larger step]
PASSED tests/unit/test_agent_harness.py::test_hidden_evaluators_on_correct_and_wrong_solutions[t08_runtime_improvement-shorter simulation]
PASSED tests/unit/test_agent_harness.py::test_aggregate_on_synthetic_layer_outcomes[over0-True-True-False-success]
PASSED tests/unit/test_agent_harness.py::test_aggregate_on_synthetic_layer_outcomes[over1-True-True-False-success]
PASSED tests/unit/test_agent_harness.py::test_aggregate_on_synthetic_layer_outcomes[over2-True-True-None-success]
PASSED tests/unit/test_agent_harness.py::test_aggregate_on_synthetic_layer_outcomes[over3-True-False-True-hidden_battery_failure]
PASSED tests/unit/test_agent_harness.py::test_aggregate_on_synthetic_layer_outcomes[over4-False-False-False-structurally_invalid]
PASSED tests/unit/test_agent_harness.py::test_aggregate_on_synthetic_layer_outcomes[over5-False-False-False-non_executable]
PASSED tests/unit/test_agent_harness.py::test_aggregate_on_synthetic_layer_outcomes[over6-None-None-None-indeterminate]
PASSED tests/unit/test_agent_harness.py::test_aggregate_on_synthetic_layer_outcomes[over7-True-None-None-indeterminate]
PASSED tests/unit/test_agent_harness.py::test_aggregate_on_synthetic_layer_outcomes[over8-True-False-False-unauthorized_edit]
PASSED tests/unit/test_agent_harness.py::test_aggregate_on_synthetic_layer_outcomes[over9-False-False-False-canonical_failure]
PASSED tests/unit/test_agent_harness.py::test_aggregate_on_synthetic_layer_outcomes[over10-None-False-None-hidden_assertion_failure]
PASSED tests/unit/test_agent_harness.py::test_aggregate_rejects_inconsistent_outcomes
PASSED tests/unit/test_agent_harness.py::test_summarize_scores_reports_the_permitted_claim_fraction
PASSED tests/unit/test_agent_harness.py::test_score_trial_cascade_and_error_handling
PASSED tests/unit/test_agent_harness.py::test_load_frozen_config_requires_every_hash_and_refuses_provisional
PASSED tests/unit/test_agent_harness.py::test_score_trial_needs_a_frozen_config_and_accepts_its_path
PASSED tests/unit/test_agent_harness.py::test_frozen_scoring_checks_export_record_and_evaluator_state
PASSED tests/unit/test_agent_harness.py::test_frozen_config_rejects_changed_hidden_spec
PASSED tests/unit/test_agent_harness.py::test_trial_log_validation
PASSED tests/unit/test_agent_harness.py::test_trial_log_rehashes_files_and_checks_the_patch
PASSED tests/unit/test_agent_harness.py::test_trial_log_is_written_once
PASSED tests/unit/test_agent_harness.py::test_public_runner_is_standalone_and_matches_reference_spike_detection
PASSED tests/unit/test_agent_harness.py::test_public_runner_on_exported_hh_trial
PASSED tests/unit/test_agent_harness.py::test_score_trial_real_layers_on_hh_unit_conversion
PASSED tests/unit/test_agent_harness.py::test_refactored_hh_model_validates_and_reproduces_reference
PASSED tests/unit/test_analysis_metrics.py::test_paired_counts_table
PASSED tests/unit/test_analysis_metrics.py::test_paired_counts_accepts_01_and_rejects_bad_input
PASSED tests/unit/test_analysis_metrics.py::test_as_binary_accepts_object_dtype_01_columns
PASSED tests/unit/test_analysis_metrics.py::test_detection_rate_and_empty_denominator
PASSED tests/unit/test_analysis_metrics.py::test_silent_survival_rate_uses_admissible_denominator
PASSED tests/unit/test_analysis_metrics.py::test_class_counts_include_zero_classes
PASSED tests/unit/test_analysis_metrics.py::test_proportion_ci_matches_scipy_binomtest[clopper_pearson-exact]
PASSED tests/unit/test_analysis_metrics.py::test_proportion_ci_matches_scipy_binomtest[wilson-wilson]
PASSED tests/unit/test_analysis_metrics.py::test_clopper_pearson_zero_events_bound
PASSED tests/unit/test_analysis_metrics.py::test_proportion_ci_edge_cases
PASSED tests/unit/test_analysis_metrics.py::test_false_positive_rate_and_summary
PASSED tests/unit/test_analysis_metrics.py::test_validation_cascade_counts_exhaustive_battery
PASSED tests/unit/test_analysis_metrics.py::test_validation_cascade_with_selected_battery_and_inconsistency
PASSED tests/unit/test_analysis_metrics.py::test_by_family_counts_and_intervals
PASSED tests/unit/test_analysis_metrics.py::test_by_family_writes_enum_labels_by_value
PASSED tests/unit/test_analysis_metrics.py::test_coverage_curve_hand_computed
PASSED tests/unit/test_analysis_metrics.py::test_coverage_curve_rejects_bad_order_and_cost
PASSED tests/unit/test_analysis_metrics.py::test_protocols_to_reach_levels
PASSED tests/unit/test_analysis_metrics.py::test_runtime_per_detection
PASSED tests/unit/test_analysis_metrics.py::test_summarize_draws
PASSED tests/unit/test_analyze_sensitivity.py::test_rates_exclude_not_evaluable_and_count_them
PASSED tests/unit/test_bootstrap.py::test_exact_mcnemar_matches_scipy_binomtest_grid
PASSED tests/unit/test_bootstrap.py::test_exact_mcnemar_matches_scipy_large_counts[120-80]
PASSED tests/unit/test_bootstrap.py::test_exact_mcnemar_matches_scipy_large_counts[3-250]
PASSED tests/unit/test_bootstrap.py::test_exact_mcnemar_matches_scipy_large_counts[500-480]
PASSED tests/unit/test_bootstrap.py::test_exact_mcnemar_matches_scipy_large_counts[0-1]
PASSED tests/unit/test_bootstrap.py::test_exact_mcnemar_known_values_and_validation
PASSED tests/unit/test_bootstrap.py::test_bootstrap_point_estimate_is_pooled_paired_difference
PASSED tests/unit/test_bootstrap.py::test_bootstrap_resamples_base_models_not_mutants
PASSED tests/unit/test_bootstrap.py::test_bootstrap_pools_mutants_of_unequal_models
PASSED tests/unit/test_bootstrap.py::test_bootstrap_deterministic_and_row_order_invariant
PASSED tests/unit/test_bootstrap.py::test_bootstrap_chunking_does_not_change_results
PASSED tests/unit/test_bootstrap.py::test_permutation_monte_carlo_chunking_does_not_change_results
PASSED tests/unit/test_bootstrap.py::test_small_cluster_flag_threshold
PASSED tests/unit/test_bootstrap.py::test_bootstrap_ci_coverage_under_clustered_null
PASSED tests/unit/test_bootstrap.py::test_cluster_bootstrap_rate
PASSED tests/unit/test_bootstrap.py::test_bootstrap_input_validation
PASSED tests/unit/test_bootstrap.py::test_seeded_functions_require_integer_seed[None]
PASSED tests/unit/test_bootstrap.py::test_seeded_functions_require_integer_seed[1.5]
PASSED tests/unit/test_bootstrap.py::test_seeded_functions_require_integer_seed[1]
PASSED tests/unit/test_bootstrap.py::test_seeded_functions_require_integer_seed[True]
PASSED tests/unit/test_bootstrap.py::test_seeded_functions_require_integer_seed[-1]
PASSED tests/unit/test_bootstrap.py::test_cluster_labels_enum_by_value_and_mixed_types_rejected
PASSED tests/unit/test_bootstrap.py::test_permutation_exact_hand_computed
PASSED tests/unit/test_bootstrap.py::test_permutation_matches_brute_force_enumeration
PASSED tests/unit/test_bootstrap.py::test_permutation_monte_carlo_agrees_with_exact
PASSED tests/unit/test_bootstrap.py::test_monte_carlo_min_attainable_p_reflects_n_perm
PASSED tests/unit/test_bootstrap.py::test_permutation_reliability_counts_informative_clusters
PASSED tests/unit/test_bootstrap.py::test_sign_flip_is_at_cluster_level
PASSED tests/unit/test_bootstrap.py::test_permutation_no_discordance_and_all_positive
PASSED tests/unit/test_bootstrap.py::test_permutation_type_one_error_under_clustered_null
PASSED tests/unit/test_bootstrap.py::test_paired_comparison_report_is_consistent
PASSED tests/unit/test_build_protocol_manifest.py::test_columns_match_architecture
PASSED tests/unit/test_build_protocol_manifest.py::test_one_row_per_template_in_config_order
PASSED tests/unit/test_build_protocol_manifest.py::test_rows_round_trip_template_content
PASSED tests/unit/test_build_protocol_manifest.py::test_deferred_protocols_are_marked_with_reason
PASSED tests/unit/test_build_protocol_manifest.py::test_params_json_is_deterministic
PASSED tests/unit/test_build_protocol_manifest.py::test_duplicate_ids_rejected
PASSED tests/unit/test_build_protocol_manifest.py::test_committed_manifest_is_up_to_date
PASSED tests/unit/test_build_protocol_manifest.py::test_write_then_check_and_detect_stale
PASSED tests/unit/test_build_protocol_manifest.py::test_relative_study_path_resolves_against_cwd
PASSED tests/unit/test_build_protocol_manifest.py::test_unknown_protocol_without_kind_rejected
PASSED tests/unit/test_build_protocol_manifest.py::test_unrunnable_kind_rejected
PASSED tests/unit/test_build_protocol_manifest.py::test_implemented_template_without_features_rejected
PASSED tests/unit/test_build_protocol_manifest.py::test_deferred_template_without_reason_rejected
PASSED tests/unit/test_build_protocol_manifest.py::test_implemented_kinds_match_code
PASSED tests/unit/test_build_protocol_manifest.py::test_study_override_changes_manifest
PASSED tests/unit/test_campaign_registry.py::test_register_is_idempotent_and_role_is_permanent
PASSED tests/unit/test_campaign_registry.py::test_sealed_campaign_is_read_only
PASSED tests/unit/test_campaign_registry.py::test_role_mismatch_blocks_writes
PASSED tests/unit/test_campaign_registry.py::test_confirmatory_campaign_must_be_fresh_and_not_exploratory
PASSED tests/unit/test_campaign_registry.py::test_confirmatory_campaign_is_never_pooled
PASSED tests/unit/test_campaign_registry.py::test_single_clean_commit_check
PASSED tests/unit/test_campaign_registry.py::test_config_change_requires_new_campaign
PASSED tests/unit/test_campaign_registry.py::test_config_snapshot_is_write_once
PASSED tests/unit/test_campaign_registry.py::test_manifest_and_archive_cover_ignored_files
PASSED tests/unit/test_campaign_registry.py::test_config_dir_override
PASSED tests/unit/test_convergence_fingerprint.py::test_tau_is_max_of_three_terms_and_names_the_limiting_term
PASSED tests/unit/test_convergence_fingerprint.py::test_state_changes_under_refinement_are_excluded_not_dropped
PASSED tests/unit/test_convergence_fingerprint.py::test_missing_protocol_at_h2_is_recorded
PASSED tests/unit/test_convergence_fingerprint.py::test_rheobase_floor_uses_search_resolution
PASSED tests/unit/test_convergence_fingerprint.py::test_calibration_requires_h_and_h2
PASSED tests/unit/test_convergence_fingerprint.py::test_tolerance_csv_round_trip
PASSED tests/unit/test_convergence_fingerprint.py::test_compare_exceeds_definedness_categorical_and_multiplier
PASSED tests/unit/test_convergence_fingerprint.py::test_excluded_features_never_detect
PASSED tests/unit/test_convergence_fingerprint.py::test_classification_cascade
PASSED tests/unit/test_convergence_fingerprint.py::test_convergence_report_observed_order
PASSED tests/unit/test_efel_adapter.py::test_efel_settings_validates_repo_config
PASSED tests/unit/test_efel_adapter.py::test_efel_settings_rejects_bad_names_and_types[Treshold--20.0-unknown eFEL setting]
PASSED tests/unit/test_efel_adapter.py::test_efel_settings_rejects_bad_names_and_types[Threshold-high-expects float]
PASSED tests/unit/test_efel_adapter.py::test_efel_settings_rejects_bad_names_and_types[Threshold-True-expects float]
PASSED tests/unit/test_efel_adapter.py::test_efel_settings_rejects_bad_names_and_types[Threshold-nan-expects float]
PASSED tests/unit/test_efel_adapter.py::test_efel_settings_rejects_bad_names_and_types[strict_stiminterval-1-expects bool]
PASSED tests/unit/test_efel_adapter.py::test_efel_settings_rejects_bad_names_and_types[max_spike_skip-2.5-expects int]
PASSED tests/unit/test_efel_adapter.py::test_efel_settings_rejects_bad_names_and_types[voltage_base_mode-3-expects str]
PASSED tests/unit/test_efel_adapter.py::test_int_is_accepted_for_float_setting
PASSED tests/unit/test_efel_adapter.py::test_settings_are_reset_before_every_extraction
PASSED tests/unit/test_efel_adapter.py::test_no_spike_trace_counts_zero_and_gates_spike_features
PASSED tests/unit/test_efel_adapter.py::test_spiking_trace_aggregation_matches_raw_efel_arrays
PASSED tests/unit/test_efel_adapter.py::test_min_spikes_gating_overrides_numbers_efel_would_return
PASSED tests/unit/test_efel_adapter.py::test_undefined_efel_result_is_recorded_not_zeroed_and_warning_captured
PASSED tests/unit/test_efel_adapter.py::test_sag_ratio_requires_a_hyperpolarizing_protocol
PASSED tests/unit/test_efel_adapter.py::test_is_hyperpolarizing_uses_the_summed_amplitude
PASSED tests/unit/test_efel_adapter.py::test_regime_labels_from_real_efel_outputs[trace0-tonic]
PASSED tests/unit/test_efel_adapter.py::test_regime_labels_from_real_efel_outputs[trace1-bursting]
PASSED tests/unit/test_efel_adapter.py::test_regime_labels_from_real_efel_outputs[trace2-depolarization_block]
PASSED tests/unit/test_efel_adapter.py::test_only_protocol_features_are_returned_and_rheobase_is_left_out
PASSED tests/unit/test_efel_adapter.py::test_scalar_aggregation_requires_exactly_one_value
PASSED tests/unit/test_efel_adapter.py::test_invalid_feature_config_is_rejected[path0-AP_amplitudes-not an eFEL]
PASSED tests/unit/test_efel_adapter.py::test_invalid_feature_config_is_rejected[path1-mean-agg]
PASSED tests/unit/test_efel_adapter.py::test_invalid_feature_config_is_rejected[path2-depolarizing-requirement]
PASSED tests/unit/test_efel_adapter.py::test_invalid_feature_config_is_rejected[path3--1-min_spikes]
PASSED tests/unit/test_efel_adapter.py::test_invalid_feature_config_is_rejected[path4-1-spike_count]
PASSED tests/unit/test_efel_adapter.py::test_invalid_feature_config_is_rejected[path5-0.0.1-pins eFEL]
PASSED tests/unit/test_efel_adapter.py::test_trace_problems
PASSED tests/unit/test_efel_adapter.py::test_window_overrunning_the_trace_by_more_than_one_step_is_refused[200.0-850.0-0.0]
PASSED tests/unit/test_efel_adapter.py::test_window_overrunning_the_trace_by_more_than_one_step_is_refused[200.0-700.0375-0.0]
PASSED tests/unit/test_efel_adapter.py::test_window_overrunning_the_trace_by_more_than_one_step_is_refused[150.0-600.0-200.0]
PASSED tests/unit/test_efel_adapter.py::test_window_overrunning_by_one_step_is_accepted_with_a_note
PASSED tests/unit/test_efel_adapter.py::test_feature_value_invariants
PASSED tests/unit/test_efel_adapter.py::test_json_round_trip_is_exact
PASSED tests/unit/test_efel_adapter.py::test_extract_all_requires_a_trace_per_protocol
PASSED tests/unit/test_efel_adapter.py::test_features_reproduce_exactly_from_the_stored_representation
PASSED tests/unit/test_efel_adapter.py::test_concurrent_extractions_do_not_share_settings
PASSED tests/unit/test_execution_canonical.py::test_reachable_files_follow_includes_and_skip_core_types
PASSED tests/unit/test_execution_canonical.py::test_inputs_manifest_changes_when_any_reachable_file_changes
PASSED tests/unit/test_execution_canonical.py::test_apply_overrides_and_effective_workspace
PASSED tests/unit/test_execution_canonical.py::test_run_parallel_preserves_order_and_captures_errors
PASSED tests/unit/test_execution_canonical.py::test_worst_status_ordering
PASSED tests/unit/test_execution_canonical.py::test_canonical_protocol_windows_from_shipped_harnesses
PASSED tests/unit/test_execution_canonical.py::test_refine_harness_step_divides_step
PASSED tests/unit/test_execution_canonical.py::test_harness_nml_files
PASSED tests/unit/test_execution_canonical.py::test_structural_check_reference_and_broken_reference
PASSED tests/unit/test_figures.py::test_fig1_concept
PASSED tests/unit/test_figures.py::test_fig2_validation_cascade
PASSED tests/unit/test_figures.py::test_fig2_battery_cascade_does_not_call_missed_mutants_equivalent
PASSED tests/unit/test_figures.py::test_fig3_detection_heatmap
PASSED tests/unit/test_figures.py::test_fig3_accepts_enum_families_and_object_detected_column
PASSED tests/unit/test_figures.py::test_fig4_efficiency_curve
PASSED tests/unit/test_figures.py::test_fig5_heldout_generalization
PASSED tests/unit/test_figures.py::test_fig6_false_positives
PASSED tests/unit/test_figures.py::test_fig7_case_studies
PASSED tests/unit/test_figures.py::test_fig8_agent_case_study
PASSED tests/unit/test_figures.py::test_pdf_output_is_reproducible
PASSED tests/unit/test_figures.py::test_missing_columns_raise[<lambda>0]
PASSED tests/unit/test_figures.py::test_missing_columns_raise[<lambda>1]
PASSED tests/unit/test_figures.py::test_missing_columns_raise[<lambda>2]
PASSED tests/unit/test_figures.py::test_missing_columns_raise[<lambda>3]
PASSED tests/unit/test_figures.py::test_missing_columns_raise[<lambda>4]
PASSED tests/unit/test_figures.py::test_missing_columns_raise[<lambda>5]
PASSED tests/unit/test_figures.py::test_missing_columns_raise[<lambda>6]
PASSED tests/unit/test_figures.py::test_missing_columns_raise[<lambda>7]
PASSED tests/unit/test_figures.py::test_semantic_input_errors
PASSED tests/unit/test_figures.py::test_palette_is_okabe_ito_and_titles_make_no_claims
PASSED tests/unit/test_generate_xml.py::test_population_id
PASSED tests/unit/test_generate_xml.py::test_population_id_rejects_non_nml_ids[P-01]
PASSED tests/unit/test_generate_xml.py::test_population_id_rejects_non_nml_ids[P 01]
PASSED tests/unit/test_generate_xml.py::test_population_id_rejects_non_nml_ids[P01.x]
PASSED tests/unit/test_generate_xml.py::test_population_id_rejects_non_nml_ids[P\xe9]
PASSED tests/unit/test_generate_xml.py::test_population_id_rejects_non_nml_ids[]
PASSED tests/unit/test_generate_xml.py::test_network_structure_for_full_battery
PASSED tests/unit/test_generate_xml.py::test_network_inputs_match_components_exactly
PASSED tests/unit/test_generate_xml.py::test_paired_pulse_gets_two_generators_on_one_population
PASSED tests/unit/test_generate_xml.py::test_network_without_temperature_is_plain_network
PASSED tests/unit/test_generate_xml.py::test_include_href_is_attribute_escaped
PASSED tests/unit/test_generate_xml.py::test_generated_values_never_use_plus_exponent
PASSED tests/unit/test_generate_xml.py::test_unsupported_component_kind_raises
PASSED tests/unit/test_generate_xml.py::test_pulse_only_network_is_schema_valid
PASSED tests/unit/test_generate_xml.py::test_single_ramp_network_is_schema_valid
PASSED tests/unit/test_generate_xml.py::test_extreme_formatted_values_are_schema_valid
PASSED tests/unit/test_generate_xml.py::test_full_battery_network_is_schema_valid
PASSED tests/unit/test_generate_xml.py::test_ramp_before_pulse_order_is_schema_valid
PASSED tests/unit/test_generate_xml.py::test_lems_structure
PASSED tests/unit/test_generate_xml.py::test_lems_meta_only_when_integrator_requested
PASSED tests/unit/test_generate_xml.py::test_lems_step_formatting_for_refinement_levels[0.005-0.005ms]
PASSED tests/unit/test_generate_xml.py::test_lems_step_formatting_for_refinement_levels[0.0025-0.0025ms]
PASSED tests/unit/test_generate_xml.py::test_lems_step_formatting_for_refinement_levels[0.00125-0.00125ms]
PASSED tests/unit/test_generate_xml.py::test_lems_step_formatting_for_refinement_levels[0.025-0.025ms]
PASSED tests/unit/test_generate_xml.py::test_lems_step_formatting_for_refinement_levels[1e-05-1e-5ms]
PASSED tests/unit/test_generate_xml.py::test_write_probe_bundle
PASSED tests/unit/test_generate_xml.py::test_write_probe_rewrites_same_tag
PASSED tests/unit/test_generate_xml.py::test_write_probe_cell_steps_rounding
PASSED tests/unit/test_generate_xml.py::test_write_probe_rejects_empty_and_duplicates
PASSED tests/unit/test_generate_xml.py::test_write_probe_changes_workspace_tree_hash
PASSED tests/unit/test_generate_xml.py::test_group_by_length_sorted_and_stable
PASSED tests/unit/test_generate_xml.py::test_canonical_output
PASSED tests/unit/test_generate_xml.py::test_harness_step_and_length_on_shipped_harnesses[acnet2_pyr_soma]
PASSED tests/unit/test_generate_xml.py::test_harness_step_and_length_on_shipped_harnesses[migliore2014_mt_soma]
PASSED tests/unit/test_generate_xml.py::test_harness_step_and_length_on_shipped_harnesses[nml2_hh_example]
PASSED tests/unit/test_generate_xml.py::test_harness_step_and_length_on_shipped_harnesses[osb_hh2_477127614]
PASSED tests/unit/test_generate_xml.py::test_harness_step_and_length_on_shipped_harnesses[pospischil2008_fs]
PASSED tests/unit/test_generate_xml.py::test_harness_step_and_length_on_shipped_harnesses[pospischil2008_ib]
PASSED tests/unit/test_generate_xml.py::test_harness_step_and_length_on_shipped_harnesses[pospischil2008_lts]
PASSED tests/unit/test_generate_xml.py::test_harness_step_and_length_on_shipped_harnesses[pospischil2008_rs]
PASSED tests/unit/test_generate_xml.py::test_harness_step_and_length_on_shipped_harnesses[wangbuzsaki1996_wb]
PASSED tests/unit/test_generate_xml.py::test_harness_parsing_attribute_order_and_newlines
PASSED tests/unit/test_generate_xml.py::test_harness_parsing_ignores_attributes_of_other_elements
PASSED tests/unit/test_generate_xml.py::test_harness_parsing_requires_both
PASSED tests/unit/test_generate_xml.py::test_probe_bundle_is_frozen
PASSED tests/unit/test_greedy_selection.py::test_greedy_sequence_curve_and_costs
PASSED tests/unit/test_greedy_selection.py::test_greedy_budget_reached
PASSED tests/unit/test_greedy_selection.py::test_greedy_stops_early_only_when_everything_is_covered
PASSED tests/unit/test_greedy_selection.py::test_tie_break_lower_cost_then_protocol_id
PASSED tests/unit/test_greedy_selection.py::test_greedy_is_independent_of_column_order
PASSED tests/unit/test_greedy_selection.py::test_greedy_candidates_and_argument_errors
PASSED tests/unit/test_greedy_selection.py::test_non_integer_k_draws_and_seed_are_rejected[2.5]
PASSED tests/unit/test_greedy_selection.py::test_non_integer_k_draws_and_seed_are_rejected[2.0]
PASSED tests/unit/test_greedy_selection.py::test_non_integer_k_draws_and_seed_are_rejected[2]
PASSED tests/unit/test_greedy_selection.py::test_non_integer_k_draws_and_seed_are_rejected[True]
PASSED tests/unit/test_greedy_selection.py::test_non_integer_k_draws_and_seed_are_rejected[None]
PASSED tests/unit/test_greedy_selection.py::test_greedy_meets_the_1_minus_1_over_e_guarantee
PASSED tests/unit/test_greedy_selection.py::test_cost_sensitive_prefers_gain_per_cost_within_budget
PASSED tests/unit/test_greedy_selection.py::test_cost_sensitive_falls_back_to_best_single_protocol
PASSED tests/unit/test_greedy_selection.py::test_cost_sensitive_zero_cost_and_errors
PASSED tests/unit/test_greedy_selection.py::test_cost_sensitive_orders_free_protocols_by_gain
PASSED tests/unit/test_greedy_selection.py::test_cost_sensitive_ratios_are_compared_exactly
PASSED tests/unit/test_greedy_selection.py::test_cost_sensitive_budget_and_approximation_bound
PASSED tests/unit/test_greedy_selection.py::test_count_matched_is_seeded_and_reproducible
PASSED tests/unit/test_greedy_selection.py::test_count_matched_mean_matches_exact_expectation
PASSED tests/unit/test_greedy_selection.py::test_count_matched_is_independent_of_column_order
PASSED tests/unit/test_greedy_selection.py::test_runtime_matched_sets_fit_budget_and_are_maximal
PASSED tests/unit/test_greedy_selection.py::test_runtime_matched_mean_cost_is_close_to_budget
PASSED tests/unit/test_greedy_selection.py::test_greedy_battery_is_itself_runtime_feasible
PASSED tests/unit/test_greedy_selection.py::test_selection_settings_from_study_config
PASSED tests/unit/test_infra_bootstrap_java.py::test_platform_mapping[Windows-AMD64-expected0]
PASSED tests/unit/test_infra_bootstrap_java.py::test_platform_mapping[Linux-x86_64-expected1]
PASSED tests/unit/test_infra_bootstrap_java.py::test_platform_mapping[Linux-aarch64-expected2]
PASSED tests/unit/test_infra_bootstrap_java.py::test_platform_mapping[Darwin-arm64-expected3]
PASSED tests/unit/test_infra_bootstrap_java.py::test_platform_mapping[Darwin-x86_64-expected4]
PASSED tests/unit/test_infra_bootstrap_java.py::test_platform_mapping_rejects_unsupported[SunOS-x86_64]
PASSED tests/unit/test_infra_bootstrap_java.py::test_platform_mapping_rejects_unsupported[Linux-ppc64le]
PASSED tests/unit/test_infra_bootstrap_java.py::test_platform_mapping_rejects_unsupported[Windows-x86]
PASSED tests/unit/test_infra_bootstrap_java.py::test_api_urls_match_the_live_verified_queries
PASSED tests/unit/test_infra_bootstrap_java.py::test_parse_assets_accepts_both_response_shapes
PASSED tests/unit/test_infra_bootstrap_java.py::test_parse_assets_rejects_bad_answers[payload0]
PASSED tests/unit/test_infra_bootstrap_java.py::test_parse_assets_rejects_bad_answers[payload1]
PASSED tests/unit/test_infra_bootstrap_java.py::test_parse_assets_rejects_bad_answers[payload2]
PASSED tests/unit/test_infra_bootstrap_java.py::test_parse_assets_rejects_bad_answers[payload3]
PASSED tests/unit/test_infra_bootstrap_java.py::test_parse_assets_rejects_bad_answers[payload4]
PASSED tests/unit/test_infra_bootstrap_java.py::test_parse_assets_rejects_bad_answers[payload5]
PASSED tests/unit/test_infra_bootstrap_java.py::test_parse_assets_rejects_bad_answers[payload6]
PASSED tests/unit/test_infra_bootstrap_java.py::test_parse_assets_rejects_bad_answers[payload7]
PASSED tests/unit/test_infra_bootstrap_java.py::test_parse_assets_rejects_bad_answers[payload8]
PASSED tests/unit/test_infra_bootstrap_java.py::test_parse_checksum_file
PASSED tests/unit/test_infra_bootstrap_java.py::test_require_safe_url[https://api.adoptium.net/v3-True]
PASSED tests/unit/test_infra_bootstrap_java.py::test_require_safe_url[http://127.0.0.1:8000/x-True]
PASSED tests/unit/test_infra_bootstrap_java.py::test_require_safe_url[http://localhost/x-True]
PASSED tests/unit/test_infra_bootstrap_java.py::test_require_safe_url[http://api.adoptium.net/v3-False]
PASSED tests/unit/test_infra_bootstrap_java.py::test_require_safe_url[file:///etc/passwd-False]
PASSED tests/unit/test_infra_bootstrap_java.py::test_require_safe_url[ftp://example.org/x-False]
PASSED tests/unit/test_infra_bootstrap_java.py::test_safe_extract_tar_gz_linux_layout
PASSED tests/unit/test_infra_bootstrap_java.py::test_safe_extract_zip_windows_layout
PASSED tests/unit/test_infra_bootstrap_java.py::test_mac_layout_uses_contents_home
PASSED tests/unit/test_infra_bootstrap_java.py::test_safe_extract_rejects_unsafe_or_malformed_archives[<lambda>0]
PASSED tests/unit/test_infra_bootstrap_java.py::test_safe_extract_rejects_unsafe_or_malformed_archives[<lambda>1]
PASSED tests/unit/test_infra_bootstrap_java.py::test_safe_extract_rejects_unsafe_or_malformed_archives[<lambda>2]
PASSED tests/unit/test_infra_bootstrap_java.py::test_safe_extract_rejects_unsafe_or_malformed_archives[<lambda>3]
PASSED tests/unit/test_infra_bootstrap_java.py::test_safe_extract_rejects_unsafe_or_malformed_archives[<lambda>4]
PASSED tests/unit/test_infra_bootstrap_java.py::test_safe_extract_rejects_unsafe_or_malformed_archives[<lambda>5]
PASSED tests/unit/test_infra_bootstrap_java.py::test_safe_extract_verifies_before_install_and_discards_on_failure
PASSED tests/unit/test_infra_bootstrap_java.py::test_safe_extract_refuses_to_overwrite_existing_install
PASSED tests/unit/test_infra_bootstrap_java.py::test_end_to_end_download_verify_extract_and_provenance
PASSED tests/unit/test_infra_bootstrap_java.py::test_keep_archive_and_reuse
PASSED tests/unit/test_infra_bootstrap_java.py::test_dry_run_writes_nothing
PASSED tests/unit/test_infra_bootstrap_java.py::test_tampered_download_is_rejected_and_cleaned_up
PASSED tests/unit/test_infra_bootstrap_java.py::test_runtime_failing_java_version_is_not_left_installed
PASSED tests/unit/test_infra_bootstrap_java.py::test_checksum_file_disagreeing_with_api_stops_before_download
PASSED tests/unit/test_infra_bootstrap_java.py::test_pin_mismatch_stops_before_download
PASSED tests/unit/test_infra_bootstrap_java.py::test_existing_install_with_other_version_is_an_error
PASSED tests/unit/test_infra_bootstrap_java.py::test_java_version_on_the_repository_jdk
PASSED tests/unit/test_infra_repro_files.py::test_lock_is_exact_and_excludes_the_project_itself
PASSED tests/unit/test_infra_repro_files.py::test_lock_satisfies_pyproject_requirements[dependencies]
PASSED tests/unit/test_infra_repro_files.py::test_lock_satisfies_pyproject_requirements[dev]
PASSED tests/unit/test_infra_repro_files.py::test_citation_cff_core_fields
PASSED tests/unit/test_infra_repro_files.py::test_makefile_targets_and_tab_indented_recipes
PASSED tests/unit/test_infra_repro_files.py::test_dockerfile_pins_base_digest_java_and_runs_unprivileged
PASSED tests/unit/test_infra_repro_files.py::test_dockerignore_excludes_local_state_but_keeps_test_inputs
PASSED tests/unit/test_infra_repro_files.py::test_ci_workflow_structure
PASSED tests/unit/test_infra_repro_files.py::test_environment_yml_is_python312_plus_lock
PASSED tests/unit/test_kinetics_operators.py::test_family_is_semantic_and_excluded_from_selection
PASSED tests/unit/test_kinetics_operators.py::test_shift_gate_midpoint_moves_both_rates_of_one_gate
PASSED tests/unit/test_kinetics_operators.py::test_scale_gate_slope_keeps_sign_and_unit
PASSED tests/unit/test_kinetics_operators.py::test_forward_only_shift_changes_one_rate
PASSED tests/unit/test_kinetics_operators.py::test_channel_vshift_shift_on_pospischil
PASSED tests/unit/test_kinetics_operators.py::test_custom_rate_gates_are_reported_inapplicable
PASSED tests/unit/test_kinetics_operators.py::test_check_record_rejects_a_forged_change
PASSED tests/unit/test_load_dat_grid.py::test_label_jitter_is_replaced_by_exact_grid
PASSED tests/unit/test_load_dat_grid.py::test_genuinely_non_uniform_time_is_rejected
PASSED tests/unit/test_model_manifest_fields.py::test_notes_are_stripped_from_the_fields_that_reach_generated_files
PASSED tests/unit/test_model_manifest_fields.py::test_every_manifest_record_is_clean_after_loading
PASSED tests/unit/test_model_manifest_fields.py::test_candidate_sources_are_normalised_by_the_same_function
PASSED tests/unit/test_model_manifest_fields.py::test_the_pilot2_models_are_included_in_the_manifest
PASSED tests/unit/test_models_manifest.py::test_manifest_columns_match_dataclass
PASSED tests/unit/test_models_manifest.py::test_load_models_ids_and_inclusion
PASSED tests/unit/test_models_manifest.py::test_manifest_provenance_fields
PASSED tests/unit/test_models_manifest.py::test_all_snapshots_present
PASSED tests/unit/test_models_manifest.py::test_manifest_paths_resolve_in_snapshots
PASSED tests/unit/test_models_manifest.py::test_cell_id_defined_in_cell_file
PASSED tests/unit/test_models_manifest.py::test_harness_output_file_and_column_exist
PASSED tests/unit/test_models_manifest.py::test_write_models_round_trip
PASSED tests/unit/test_models_manifest.py::test_write_models_reproduces_tracked_manifest_bytes
PASSED tests/unit/test_models_manifest.py::test_load_models_rejects_missing_column
PASSED tests/unit/test_models_manifest.py::test_header_only_manifest_with_wrong_columns_is_rejected
PASSED tests/unit/test_models_manifest.py::test_duplicate_model_ids_are_rejected
PASSED tests/unit/test_models_manifest.py::test_materialize_is_byte_exact_copy_without_provenance
PASSED tests/unit/test_models_manifest.py::test_materialized_files_are_writable
PASSED tests/unit/test_models_manifest.py::test_workspace_paths
PASSED tests/unit/test_models_manifest.py::test_editing_workspace_never_touches_snapshot
PASSED tests/unit/test_models_manifest.py::test_materialize_refuses_existing_destination
PASSED tests/unit/test_models_manifest.py::test_materialize_overwrite_replaces_read_only_content
PASSED tests/unit/test_models_manifest.py::test_materialize_missing_snapshot
PASSED tests/unit/test_models_manifest.py::test_copy_workspace
PASSED tests/unit/test_models_manifest.py::test_raw_models_location
PASSED tests/unit/test_models_manifest.py::test_load_yaml_relative_to_config_dir_and_hashed
PASSED tests/unit/test_models_manifest.py::test_named_loaders
PASSED tests/unit/test_models_manifest.py::test_load_yaml_absolute_and_empty
PASSED tests/unit/test_models_manifest.py::test_config_hash_changes_with_content
PASSED tests/unit/test_models_manifest.py::test_numerics_from_study_config
PASSED tests/unit/test_models_manifest.py::test_numerics_from_custom_config
PASSED tests/unit/test_models_manifest.py::test_study_config_numerics_consistent_with_features
PASSED tests/unit/test_mutation_operators.py::test_registry_matches_binding_operator_table
PASSED tests/unit/test_mutation_operators.py::test_sites_are_deterministic_and_read_only[rs_ws]
PASSED tests/unit/test_mutation_operators.py::test_sites_are_deterministic_and_read_only[lts_ws]
PASSED tests/unit/test_mutation_operators.py::test_sites_are_deterministic_and_read_only[hh_ws]
PASSED tests/unit/test_mutation_operators.py::test_every_site_passes_enforcement[rs_ws]
PASSED tests/unit/test_mutation_operators.py::test_every_site_passes_enforcement[lts_ws]
PASSED tests/unit/test_mutation_operators.py::test_every_site_passes_enforcement[hh_ws]
PASSED tests/unit/test_mutation_operators.py::test_stim_amplitude_edits_harness_network_file
PASSED tests/unit/test_mutation_operators.py::test_stimulus_of_hh_example_lives_in_cell_file
PASSED tests/unit/test_mutation_operators.py::test_stim_onset_and_duration
PASSED tests/unit/test_mutation_operators.py::test_stim_onset_skips_negative_delays
PASSED tests/unit/test_mutation_operators.py::test_sim_length_on_component_and_simulation_syntax
PASSED tests/unit/test_mutation_operators.py::test_record_wrong_variable_uses_existing_state_paths
PASSED tests/unit/test_mutation_operators.py::test_scale_conductance_covers_all_channel_density_kinds
PASSED tests/unit/test_mutation_operators.py::test_shift_reversal_skips_nernst
PASSED tests/unit/test_mutation_operators.py::test_scale_capacitance_and_initial_voltage
PASSED tests/unit/test_mutation_operators.py::test_wrong_segment_group_inserts_attribute_with_existing_group
PASSED tests/unit/test_mutation_operators.py::test_scale_gate_time_constant_scales_both_core_rates
PASSED tests/unit/test_mutation_operators.py::test_scale_gate_time_constant_fixed_time_course
PASSED tests/unit/test_mutation_operators.py::test_scale_gate_time_constant_reports_custom_gates_as_inapplicable
PASSED tests/unit/test_mutation_operators.py::test_scale_gate_q10_fallback_inserts_in_schema_order
PASSED tests/unit/test_mutation_operators.py::test_channel_swaps_are_partitioned_by_species
PASSED tests/unit/test_mutation_operators.py::test_omit_include
PASSED tests/unit/test_mutation_operators.py::test_duplicate_conductance_inserts_after_original
PASSED tests/unit/test_mutation_operators.py::test_increase_dt_edits_step_and_sets_override
PASSED tests/unit/test_mutation_operators.py::test_solver_config_adds_meta_in_harness_namespace[rs_ws-{http://www.neuroml.org/lems/0.7.2}Meta]
PASSED tests/unit/test_mutation_operators.py::test_solver_config_adds_meta_in_harness_namespace[hh_ws-Meta]
PASSED tests/unit/test_mutation_operators.py::test_recording_resolution_changes_only_exec_overrides
PASSED tests/unit/test_mutation_operators.py::test_exec_override_keys_are_declared_only_by_exec_operators
PASSED tests/unit/test_mutation_operators.py::test_record_check_rejects_mislabelled_or_compound_fault[amplitude_label_on_delay]
PASSED tests/unit/test_mutation_operators.py::test_record_check_rejects_mislabelled_or_compound_fault[capacitance_label_on_conductance]
PASSED tests/unit/test_mutation_operators.py::test_record_check_rejects_mislabelled_or_compound_fault[channel_swap_labelled_scale_conductance]
PASSED tests/unit/test_mutation_operators.py::test_record_check_rejects_mislabelled_or_compound_fault[compatible_component_with_other_species]
PASSED tests/unit/test_mutation_operators.py::test_record_check_rejects_mislabelled_or_compound_fault[conductance_and_erev_in_one_element]
PASSED tests/unit/test_mutation_operators.py::test_record_check_rejects_mislabelled_or_compound_fault[conductance_factor_disagrees_with_params]
PASSED tests/unit/test_mutation_operators.py::test_record_check_rejects_mislabelled_or_compound_fault[gate_forward_rate_only]
PASSED tests/unit/test_mutation_operators.py::test_record_check_rejects_mislabelled_or_compound_fault[gate_midpoints_shifted]
PASSED tests/unit/test_mutation_operators.py::test_record_check_rejects_mislabelled_or_compound_fault[gate_rates_scaled_by_different_factors]
PASSED tests/unit/test_mutation_operators.py::test_record_check_rejects_mislabelled_or_compound_fault[increase_dt_on_sim_length]
PASSED tests/unit/test_mutation_operators.py::test_record_check_rejects_mislabelled_or_compound_fault[increase_dt_that_decreases_dt]
PASSED tests/unit/test_mutation_operators.py::test_record_check_rejects_mislabelled_or_compound_fault[initial_voltage_label_on_erev]
PASSED tests/unit/test_mutation_operators.py::test_record_check_rejects_mislabelled_or_compound_fault[onset_label_on_amplitude]
PASSED tests/unit/test_mutation_operators.py::test_record_check_rejects_mislabelled_or_compound_fault[record_nonexistent_state_path]
PASSED tests/unit/test_mutation_operators.py::test_record_check_rejects_mislabelled_or_compound_fault[reversal_shift_disagrees_with_params]
PASSED tests/unit/test_mutation_operators.py::test_record_check_rejects_mislabelled_or_compound_fault[segment_group_that_does_not_exist]
PASSED tests/unit/test_mutation_operators.py::test_record_check_rejects_mislabelled_or_compound_fault[sim_length_label_on_step]
PASSED tests/unit/test_mutation_operators.py::test_record_check_rejects_mislabelled_or_compound_fault[wrong_channel_with_same_species]
PASSED tests/unit/test_mutation_operators.py::test_handmade_faithful_mutant_is_accepted
PASSED tests/unit/test_mutation_operators.py::test_record_check_rejects_removal_of_non_include_labelled_omit_include
PASSED tests/unit/test_mutation_operators.py::test_record_check_rejects_duplicate_that_is_not_an_exact_copy
PASSED tests/unit/test_mutation_operators.py::test_record_check_rejects_numerical_param_mismatches
PASSED tests/unit/test_mutation_operators.py::test_reduce_spatial_discretization_single_vs_multi_compartment
PASSED tests/unit/test_mutations_base.py::test_roundtrip_preserves_iso_8859_1_declaration_and_semantics
PASSED tests/unit/test_mutations_base.py::test_non_ascii_text_is_written_in_declared_latin1
PASSED tests/unit/test_mutations_base.py::test_undeclared_utf8_harness_keeps_no_declaration
PASSED tests/unit/test_mutations_base.py::test_every_element_locator_resolves_to_itself[rs_ws-cell_path]
PASSED tests/unit/test_mutations_base.py::test_every_element_locator_resolves_to_itself[rs_ws-harness_path]
PASSED tests/unit/test_mutations_base.py::test_every_element_locator_resolves_to_itself[hh_ws-cell_path]
PASSED tests/unit/test_mutations_base.py::test_every_element_locator_resolves_to_itself[hh_ws-harness_path]
PASSED tests/unit/test_mutations_base.py::test_every_element_locator_resolves_to_itself[lts_ws-cell_path]
PASSED tests/unit/test_mutations_base.py::test_every_element_locator_resolves_to_itself[lts_ws-harness_path]
PASSED tests/unit/test_mutations_base.py::test_resolve_rejects_missing_steps
PASSED tests/unit/test_mutations_base.py::test_harness_simulation_handles_both_syntaxes
PASSED tests/unit/test_mutations_base.py::test_scale_quantity_is_decimal_exact_and_keeps_style[7.5E-10A-0.9-6.75E-10A]
PASSED tests/unit/test_mutations_base.py::test_scale_quantity_is_decimal_exact_and_keeps_style[50.0 mS_per_cm2-0.5-25.0 mS_per_cm2]
PASSED tests/unit/test_mutations_base.py::test_scale_quantity_is_decimal_exact_and_keeps_style[0.07 mS_per_cm2-0.9-0.063 mS_per_cm2]
PASSED tests/unit/test_mutations_base.py::test_scale_quantity_is_decimal_exact_and_keeps_style[1e-5 S_per_cm2-2.0-2e-5 S_per_cm2]
PASSED tests/unit/test_mutations_base.py::test_scale_quantity_is_decimal_exact_and_keeps_style[0.001ms-20-0.02ms]
PASSED tests/unit/test_mutations_base.py::test_scale_quantity_is_decimal_exact_and_keeps_style[1000.0ms-1.1-1100.0ms]
PASSED tests/unit/test_mutations_base.py::test_scale_quantity_is_decimal_exact_and_keeps_style[7.5E-10A--1.0--7.5E-10A]
PASSED tests/unit/test_mutations_base.py::test_shift_quantity_in_original_unit[-70.0 mV-5-mV--65.0 mV]
PASSED tests/unit/test_mutations_base.py::test_shift_quantity_in_original_unit[0.3s-10-ms-0.31s]
PASSED tests/unit/test_mutations_base.py::test_shift_quantity_in_original_unit[400ms--50-ms-350ms]
PASSED tests/unit/test_mutations_base.py::test_shift_quantity_in_original_unit[-54.3mV--2-mV--56.3mV]
PASSED tests/unit/test_mutations_base.py::test_shift_quantity_rejects_dimension_mismatch
PASSED tests/unit/test_mutations_base.py::test_format_decimal_never_emits_plus_exponent
PASSED tests/unit/test_mutations_base.py::test_xml_changes_ignores_whitespace_comments_and_attribute_order
PASSED tests/unit/test_mutations_base.py::test_xml_changes_reports_each_kind
PASSED tests/unit/test_mutations_base.py::test_xml_changes_reports_encoding_change
PASSED tests/unit/test_mutations_base.py::test_generation_is_deterministic_and_uses_documented_rng
PASSED tests/unit/test_mutations_base.py::test_generation_writes_loadable_variants_and_manifest
PASSED tests/unit/test_mutations_base.py::test_generate_rejects_unknown_operator
PASSED tests/unit/test_mutations_base.py::test_enforcement_accepts_generated_mutant
PASSED tests/unit/test_mutations_base.py::test_enforcement_catches_unrecorded_attribute_change_in_edited_file[False]
PASSED tests/unit/test_mutations_base.py::test_enforcement_catches_unrecorded_attribute_change_in_edited_file[True]
PASSED tests/unit/test_mutations_base.py::test_enforcement_catches_change_in_another_file
PASSED tests/unit/test_mutations_base.py::test_enforcement_catches_recorded_edit_that_is_absent
PASSED tests/unit/test_mutations_base.py::test_enforcement_catches_misrecorded_value
PASSED tests/unit/test_mutations_base.py::test_enforcement_rejects_edits_in_two_elements
PASSED tests/unit/test_mutations_base.py::test_enforcement_rejects_added_or_removed_files
PASSED tests/unit/test_mutations_base.py::test_enforcement_hash_catches_comment_only_tampering
PASSED tests/unit/test_mutations_base.py::test_enforcement_record_level_checks
PASSED tests/unit/test_mutations_base.py::test_enforcement_checks_increase_dt_consistency
PASSED tests/unit/test_mutations_base.py::test_enforcement_rejects_second_fault_carried_by_overrides[dt_factor]
PASSED tests/unit/test_mutations_base.py::test_enforcement_rejects_second_fault_carried_by_overrides[sample_every_ms]
PASSED tests/unit/test_mutations_base.py::test_enforcement_rejects_second_fault_carried_by_overrides[model_override]
PASSED tests/unit/test_mutations_base.py::test_enforcement_rejects_override_only_mutants[model_override_only]
PASSED tests/unit/test_mutations_base.py::test_enforcement_rejects_override_only_mutants[exec_only_mislabelled]
PASSED tests/unit/test_mutations_base.py::test_enforcement_rejects_override_only_mutants[increase_dt_without_harness_edit]
PASSED tests/unit/test_mutations_base.py::test_enforcement_rejects_extra_exec_override_on_numerical_mutant[solver_config-extra0]
PASSED tests/unit/test_mutations_base.py::test_enforcement_rejects_extra_exec_override_on_numerical_mutant[increase_dt-extra1]
PASSED tests/unit/test_mutations_base.py::test_enforcement_rejects_params_changes_that_disagree_with_edits
PASSED tests/unit/test_mutations_base.py::test_load_variant_refuses_mutant_with_model_overrides
PASSED tests/unit/test_mutations_base.py::test_ignore_patterns_exempt_only_files_absent_from_reference
PASSED tests/unit/test_mutations_base.py::test_generate_mutants_deduplicates_repeated_operators
PASSED tests/unit/test_mutations_base.py::test_enforcement_accepts_exec_only_record_with_unchanged_tree
PASSED tests/unit/test_pilot2_protocol.py::test_metadata_is_exploratory_development_data
PASSED tests/unit/test_pilot2_protocol.py::test_models_are_five_new_models_and_never_the_pilot1_models
PASSED tests/unit/test_pilot2_protocol.py::test_mutation_settings_and_seed_agree
PASSED tests/unit/test_pilot2_protocol.py::test_numerics_rheobase_canonical_levels_and_protocols_agree
PASSED tests/unit/test_pilot2_protocol.py::test_primary_panel_is_eight_features_and_secondary_completes_eighteen
PASSED tests/unit/test_pilot2_protocol.py::test_branch_rules_in_the_protocol_are_the_rules_in_code
PASSED tests/unit/test_pilot2_protocol.py::test_written_dependency_versions_match_the_lock_file
PASSED tests/unit/test_pilot2_protocol.py::test_the_config_loads_through_the_study_override
PASSED tests/unit/test_pilot2_protocol.py::test_the_prepared_matrix_matches_the_frozen_models_and_families
PASSED tests/unit/test_pilot2_protocol.py::test_no_excluded_operator_appears_in_the_prepared_matrix
PASSED tests/unit/test_pilot2_protocol.py::test_every_matrix_row_names_a_planned_variant_and_refinement_level
PASSED tests/unit/test_pilot2_protocol.py::test_pre_run_manifest_hashes_the_protocol_config_and_matrix
PASSED tests/unit/test_pilot_outputs.py::test_flow_cases_matrices_and_metadata
PASSED tests/unit/test_pilot_outputs.py::test_run_record_and_detections_carry_study_metadata
PASSED tests/unit/test_pilot_outputs.py::test_study_metadata_from_config
PASSED tests/unit/test_pilot_protocol_v1.py::test_metadata_models_and_mutation_settings_agree
PASSED tests/unit/test_pilot_protocol_v1.py::test_numerics_rheobase_canonical_and_protocols_agree
PASSED tests/unit/test_pilot_protocol_v1.py::test_config_directory_is_complete_and_shares_feature_and_tolerance_files
PASSED tests/unit/test_pilot_protocol_v1.py::test_written_dependency_versions_match_the_lock_file
PASSED tests/unit/test_pilot_protocol_v1.py::test_primary_panel_is_eight_features_and_secondary_panel_completes_eighteen
PASSED tests/unit/test_pilot_protocol_v1.py::test_protocol_config_loads_through_the_override
PASSED tests/unit/test_pilot_v2_outputs.py::test_hidden_drift_needs_confirmed_full_trace_survivors_on_two_models
PASSED tests/unit/test_pilot_v2_outputs.py::test_feature_level_insufficiency_and_adequacy_and_uncertainty
PASSED tests/unit/test_pilot_v2_outputs.py::test_outputs_keep_b_and_c_separate_and_are_labelled
PASSED tests/unit/test_pilot_v2_outputs.py::test_unique_protocol_contribution_counts_only_single_protocol_detections
PASSED tests/unit/test_pilot_v2_outputs.py::test_kinetics_results_are_split_into_atomic_and_compound
PASSED tests/unit/test_pilot_v2_outputs.py::test_uncertain_cases_are_listed_rather_than_forced_into_a_class
PASSED tests/unit/test_protocol_definitions.py::test_catalogue_ids_follow_specification_numbering
PASSED tests/unit/test_protocol_definitions.py::test_batched_excludes_rheobase_and_not_implemented
PASSED tests/unit/test_protocol_definitions.py::test_not_implemented_templates_raise_with_reason[P11_chirp]
PASSED tests/unit/test_protocol_definitions.py::test_not_implemented_templates_raise_with_reason[P12_frozen_noise]
PASSED tests/unit/test_protocol_definitions.py::test_rheobase_template_is_not_instantiable_as_battery_protocol
PASSED tests/unit/test_protocol_definitions.py::test_unknown_kind_raises
PASSED tests/unit/test_protocol_definitions.py::test_every_protocol_feature_is_defined_in_features_config
[...]
PASSED tests/unit/test_splits_leakage.py::test_filter_matrix_raises_on_any_non_discovery_row[disc_a-numerical]
PASSED tests/unit/test_splits_leakage.py::test_filter_matrix_raises_on_any_non_discovery_row[unknown_model-reference]
PASSED tests/unit/test_splits_leakage.py::test_filter_matrix_raises_on_any_non_discovery_row[disc_b-stimulus]
PASSED tests/unit/test_splits_leakage.py::test_discovery_view_built_from_contract_fields_is_usable
PASSED tests/unit/test_splits_leakage.py::test_split_id_lists_reject_a_byte_order_mark
PASSED tests/unit/test_splits_leakage.py::test_discovery_view_verifies_frozen_discovery_files_only
PASSED tests/unit/test_splits_leakage.py::test_heldout_gate_refuses_without_a_matching_lock
PASSED tests/unit/test_splits_leakage.py::test_heldout_gate_refuses_an_adhoc_lock_outside_configs
PASSED tests/unit/test_splits_leakage.py::test_heldout_gate_requires_the_study_config_in_the_lock
PASSED tests/unit/test_splits_leakage.py::test_heldout_gate_opens_with_matching_lock_and_logs_each_access
PASSED tests/unit/test_splits_leakage.py::test_freeze_writes_hashes_and_refuses_silent_overwrite
PASSED tests/unit/test_splits_leakage.py::test_freeze_rejects_invalid_splits[data/splits/heldout/heldout_models.txt-held_c\ndisc_a\n-LeakageError]
PASSED tests/unit/test_splits_leakage.py::test_freeze_rejects_invalid_splits[data/splits/heldout/heldout_families.txt-reference\n-LeakageError]
PASSED tests/unit/test_splits_leakage.py::test_freeze_rejects_invalid_splits[data/splits/heldout/heldout_families.txt-not_a_family\n-ValueError]
PASSED tests/unit/test_splits_leakage.py::test_freeze_rejects_invalid_splits[data/splits/heldout/heldout_families.txt-\n-ValueError]
PASSED tests/unit/test_splits_leakage.py::test_freeze_rejects_invalid_splits[data/splits/discovery_models.txt-disc_a\ndisc_a\n-ValueError]
PASSED tests/unit/test_splits_leakage.py::test_freeze_requires_all_split_files
PASSED tests/unit/test_splits_leakage.py::test_freeze_script_cli
PASSED tests/unit/test_splits_leakage.py::test_repository_discovery_split_is_the_provisional_pilot
PASSED tests/unit/test_strata.py::test_every_registered_numerical_operator_is_outside_the_primary_stratum
PASSED tests/unit/test_strata.py::test_numerical_operator_name_wins_over_a_wrong_family_label
PASSED tests/unit/test_strata.py::test_numerical_mutants_never_enter_the_primary_denominator
PASSED tests/unit/test_strata.py::test_primary_variants_must_use_identical_numerics
PASSED tests/unit/test_strata.py::test_numerical_results_are_never_labelled_semantic_drift
PASSED tests/unit/test_strata.py::test_operator_exclusion
PASSED tests/unit/test_strata.py::test_secondary_features_never_decide_primary_detections
PASSED tests/unit/test_strata.py::test_templates_extract_primary_and_secondary_features
PASSED tests/unit/test_strata.py::test_numerical_robustness_compares_against_reference_discretisation_error
PASSED tests/unit/test_trace_metrics.py::test_uniform_grid_values_and_validation
PASSED tests/unit/test_trace_metrics.py::test_is_uniform_detects_jitter_order_and_degenerate_input
PASSED tests/unit/test_trace_metrics.py::test_is_uniform_bounds_accumulated_position_drift
PASSED tests/unit/test_trace_metrics.py::test_grid_params_round_trip_and_refusal
PASSED tests/unit/test_trace_metrics.py::test_resample_is_exact_for_linear_signals_and_refuses_extrapolation
PASSED tests/unit/test_trace_metrics.py::test_align_puts_different_steps_on_one_grid_within_overlap_and_window
PASSED tests/unit/test_trace_metrics.py::test_rmse_and_max_abs_diff
PASSED tests/unit/test_trace_metrics.py::test_spike_times_are_interpolated_upward_crossings
PASSED tests/unit/test_trace_metrics.py::test_spike_times_edge_cases
PASSED tests/unit/test_trace_metrics.py::test_decimate_requires_whole_multiples
PASSED tests/unit/test_trace_metrics.py::test_pack_unpack_round_trip_matches_the_npz_format
PASSED tests/unit/test_trace_metrics.py::test_pack_is_byte_deterministic_and_compress_option_round_trips
PASSED tests/unit/test_trace_metrics.py::test_pack_refuses_non_uniform_grids_and_bad_input
PASSED tests/unit/test_trace_metrics.py::test_unpack_rejects_malformed_archives
PASSED tests/unit/test_trace_metrics.py::test_non_finite_and_out_of_range_voltages_are_stored_explicitly
PASSED tests/unit/test_transforms.py::test_registry_has_exactly_the_binding_names
PASSED tests/unit/test_transforms.py::test_scanner_spans_match_lxml_on_every_snapshot_file
PASSED tests/unit/test_transforms.py::test_scanner_handles_quotes_comments_and_cdata
PASSED tests/unit/test_transforms.py::test_xsd_comes_from_installed_libneuroml_and_patterns_define_units
PASSED tests/unit/test_transforms.py::test_attribute_typing_is_contextual
PASSED tests/unit/test_transforms.py::test_unit_factors_come_from_jneuroml_core_dimensions
PASSED tests/unit/test_transforms.py::test_decimal_unit_conversion_is_exact[0.07 mS_per_cm2-S_per_m2-0.7 S_per_m2]
PASSED tests/unit/test_transforms.py::test_decimal_unit_conversion_is_exact[7.5E-10A-nA-0.75nA]
PASSED tests/unit/test_transforms.py::test_decimal_unit_conversion_is_exact[1e-5 S_per_cm2-mS_per_cm2-0.01 mS_per_cm2]
PASSED tests/unit/test_transforms.py::test_decimal_unit_conversion_is_exact[-70.0 mV-V--0.07 V]
PASSED tests/unit/test_transforms.py::test_decimal_unit_conversion_is_exact[2.4e-4 mM-M-2.4e-7 M]
PASSED tests/unit/test_transforms.py::test_conversion_refuses_offset_units_and_foreign_units
PASSED tests/unit/test_transforms.py::test_format_decimal_never_emits_plus_exponent_or_trailing_point
PASSED tests/unit/test_transforms.py::test_unit_conversion_every_attribute_exact_and_schema_valid[rs]
PASSED tests/unit/test_transforms.py::test_unit_conversion_every_attribute_exact_and_schema_valid[lts]
PASSED tests/unit/test_transforms.py::test_unit_conversion_every_attribute_exact_and_schema_valid[hh]
PASSED tests/unit/test_transforms.py::test_unit_conversion_changes_only_one_line
PASSED tests/unit/test_transforms.py::test_numeric_literal_format_preserves_decimal_values[rs]
PASSED tests/unit/test_transforms.py::test_numeric_literal_format_preserves_decimal_values[hh]
PASSED tests/unit/test_transforms.py::test_explicit_default_values_come_from_xsd_default_declarations[rs]
PASSED tests/unit/test_transforms.py::test_explicit_default_values_come_from_xsd_default_declarations[lts]
PASSED tests/unit/test_transforms.py::test_explicit_default_values_come_from_xsd_default_declarations[hh]
PASSED tests/unit/test_transforms.py::test_rename_cell_updates_network_harness_and_model_overrides
PASSED tests/unit/test_transforms.py::test_rename_channel_density_is_scoped_to_its_cell
PASSED tests/unit/test_transforms.py::test_rename_ion_channel_updates_every_file_that_includes_it
PASSED tests/unit/test_transforms.py::test_rename_gate_updates_state_paths
PASSED tests/unit/test_transforms.py::test_rename_population_uses_bracket_paths
PASSED tests/unit/test_transforms.py::test_rename_never_touches_default_segment_group_and_sites_are_unique
PASSED tests/unit/test_transforms.py::test_rewrite_path_grammar
PASSED tests/unit/test_transforms.py::test_factor_file_keeps_references_resolvable_for_probe_and_harness[rs-RS]
PASSED tests/unit/test_transforms.py::test_factor_file_keeps_references_resolvable_for_probe_and_harness[rs-Na_m_alpha_rate]
PASSED tests/unit/test_transforms.py::test_factor_file_keeps_references_resolvable_for_probe_and_harness[hh-naChan]
PASSED tests/unit/test_transforms.py::test_factor_file_keeps_references_resolvable_for_probe_and_harness[hh-pulseGen1]
PASSED tests/unit/test_transforms.py::test_factor_file_keeps_references_resolvable_for_probe_and_harness[lts-IT_u_tau_tau]
PASSED tests/unit/test_transforms.py::test_factor_file_keeps_references_resolvable_for_probe_and_harness[lts-LTS]
PASSED tests/unit/test_transforms.py::test_factor_file_skips_components_that_depend_on_siblings
PASSED tests/unit/test_transforms.py::test_reorder_preserves_multiset_and_changes_order[rs]
PASSED tests/unit/test_transforms.py::test_reorder_preserves_multiset_and_changes_order[lts]
PASSED tests/unit/test_transforms.py::test_reorder_preserves_multiset_and_changes_order[hh]
PASSED tests/unit/test_transforms.py::test_no_change_controls_are_semantically_identical[rs-xml_formatting]
PASSED tests/unit/test_transforms.py::test_no_change_controls_are_semantically_identical[rs-add_comments]
PASSED tests/unit/test_transforms.py::test_no_change_controls_are_semantically_identical[hh-xml_formatting]
PASSED tests/unit/test_transforms.py::test_no_change_controls_are_semantically_identical[hh-add_comments]
PASSED tests/unit/test_transforms.py::test_reindent_keeps_notes_text_verbatim
PASSED tests/unit/test_transforms.py::test_generate_transforms_is_deterministic_and_records_variants
PASSED tests/unit/test_units.py::test_parse_accepts_neuroml_quantities[0.3s-0.3-s-time]
PASSED tests/unit/test_units.py::test_parse_accepts_neuroml_quantities[7.5E-10A-7.5e-10-A-current]
PASSED tests/unit/test_units.py::test_parse_accepts_neuroml_quantities[0.1 mS_per_cm2-0.1-mS_per_cm2-conductanceDensity]
PASSED tests/unit/test_units.py::test_parse_accepts_neuroml_quantities[-70.0 mV--70.0-mV-voltage]
PASSED tests/unit/test_units.py::test_parse_accepts_neuroml_quantities[.5ms-0.5-ms-time]
PASSED tests/unit/test_units.py::test_parse_accepts_neuroml_quantities[5.ms-5.0-ms-time]
PASSED tests/unit/test_units.py::test_parse_accepts_neuroml_quantities[1e-3 s-0.001-s-time]
PASSED tests/unit/test_units.py::test_parse_accepts_neuroml_quantities[  36.0 degC  -36.0-degC-temperature]
PASSED tests/unit/test_units.py::test_parse_accepts_neuroml_quantities[1e+5 nA-100000.0-nA-current]
PASSED tests/unit/test_units.py::test_parse_accepts_neuroml_quantities[3-3.0--none]
PASSED tests/unit/test_units.py::test_parse_accepts_neuroml_quantities[-2.5--2.5--none]
PASSED tests/unit/test_units.py::test_parse_rejects_malformed[]
PASSED tests/unit/test_units.py::test_parse_rejects_malformed[mV]
PASSED tests/unit/test_units.py::test_parse_rejects_malformed[abc]
PASSED tests/unit/test_units.py::test_parse_rejects_malformed[1..2 mV]
PASSED tests/unit/test_units.py::test_parse_rejects_malformed[--1 mV]
PASSED tests/unit/test_units.py::test_parse_rejects_malformed[1 mV extra]
PASSED tests/unit/test_units.py::test_parse_rejects_malformed[1E5.0 nA]
PASSED tests/unit/test_units.py::test_parse_rejects_malformed[1 m V]
PASSED tests/unit/test_units.py::test_parse_rejects_malformed[+1 mV]
PASSED tests/unit/test_units.py::test_parse_rejects_unknown_unit
PASSED tests/unit/test_units.py::test_dimensionless_si_is_value
PASSED tests/unit/test_units.py::test_expected_table_covers_every_unit
PASSED tests/unit/test_units.py::test_si_value_of_one_unit[A]
PASSED tests/unit/test_units.py::test_si_value_of_one_unit[F]
PASSED tests/unit/test_units.py::test_si_value_of_one_unit[F_per_m2]
PASSED tests/unit/test_units.py::test_si_value_of_one_unit[Hz]
PASSED tests/unit/test_units.py::test_si_value_of_one_unit[M]
PASSED tests/unit/test_units.py::test_si_value_of_one_unit[S]
PASSED tests/unit/test_units.py::test_si_value_of_one_unit[S_per_cm2]
PASSED tests/unit/test_units.py::test_si_value_of_one_unit[S_per_m2]
PASSED tests/unit/test_units.py::test_si_value_of_one_unit[V]
PASSED tests/unit/test_units.py::test_si_value_of_one_unit[cm]
PASSED tests/unit/test_units.py::test_si_value_of_one_unit[degC]
PASSED tests/unit/test_units.py::test_si_value_of_one_unit[kohm_cm]
PASSED tests/unit/test_units.py::test_si_value_of_one_unit[m]
PASSED tests/unit/test_units.py::test_si_value_of_one_unit[mM]
PASSED tests/unit/test_units.py::test_si_value_of_one_unit[mS]
PASSED tests/unit/test_units.py::test_si_value_of_one_unit[mS_per_cm2]
PASSED tests/unit/test_units.py::test_si_value_of_one_unit[mV]
PASSED tests/unit/test_units.py::test_si_value_of_one_unit[mol_per_cm3]
PASSED tests/unit/test_units.py::test_si_value_of_one_unit[mol_per_m3]
PASSED tests/unit/test_units.py::test_si_value_of_one_unit[ms]
PASSED tests/unit/test_units.py::test_si_value_of_one_unit[nA]
PASSED tests/unit/test_units.py::test_si_value_of_one_unit[nF]
PASSED tests/unit/test_units.py::test_si_value_of_one_unit[nS]
PASSED tests/unit/test_units.py::test_si_value_of_one_unit[ohm_cm]
PASSED tests/unit/test_units.py::test_si_value_of_one_unit[ohm_m]
PASSED tests/unit/test_units.py::test_si_value_of_one_unit[pA]
PASSED tests/unit/test_units.py::test_si_value_of_one_unit[pF]
PASSED tests/unit/test_units.py::test_si_value_of_one_unit[pS]
PASSED tests/unit/test_units.py::test_si_value_of_one_unit[per_ms]
PASSED tests/unit/test_units.py::test_si_value_of_one_unit[per_s]
PASSED tests/unit/test_units.py::test_si_value_of_one_unit[s]
PASSED tests/unit/test_units.py::test_si_value_of_one_unit[uA]
PASSED tests/unit/test_units.py::test_si_value_of_one_unit[uF]
PASSED tests/unit/test_units.py::test_si_value_of_one_unit[uF_per_cm2]
PASSED tests/unit/test_units.py::test_si_value_of_one_unit[uS]
PASSED tests/unit/test_units.py::test_si_value_of_one_unit[um]
PASSED tests/unit/test_units.py::test_real_model_values_to_si
PASSED tests/unit/test_units.py::test_degc_offset_to_kelvin
PASSED tests/unit/test_units.py::test_kelvin_is_not_a_neuroml_unit_but_degc_has_an_offset
PASSED tests/unit/test_units.py::test_degc_round_trip_and_same_si
PASSED tests/unit/test_units.py::test_convert_voltage_and_current
PASSED tests/unit/test_units.py::test_convert_rejects_other_dimension_and_unknown_unit
PASSED tests/unit/test_units.py::test_units_for_dimension
PASSED tests/unit/test_units.py::test_same_si
PASSED tests/unit/test_units.py::test_every_neurosem_unit_is_permitted_by_xsd[capacitance]
PASSED tests/unit/test_units.py::test_every_neurosem_unit_is_permitted_by_xsd[concentration]
PASSED tests/unit/test_units.py::test_every_neurosem_unit_is_permitted_by_xsd[conductance]
PASSED tests/unit/test_units.py::test_every_neurosem_unit_is_permitted_by_xsd[conductanceDensity]
PASSED tests/unit/test_units.py::test_every_neurosem_unit_is_permitted_by_xsd[current]
PASSED tests/unit/test_units.py::test_every_neurosem_unit_is_permitted_by_xsd[length]
PASSED tests/unit/test_units.py::test_every_neurosem_unit_is_permitted_by_xsd[per_time]
PASSED tests/unit/test_units.py::test_every_neurosem_unit_is_permitted_by_xsd[resistivity]
PASSED tests/unit/test_units.py::test_every_neurosem_unit_is_permitted_by_xsd[specificCapacitance]
PASSED tests/unit/test_units.py::test_every_neurosem_unit_is_permitted_by_xsd[temperature]
PASSED tests/unit/test_units.py::test_every_neurosem_unit_is_permitted_by_xsd[time]
PASSED tests/unit/test_units.py::test_every_neurosem_unit_is_permitted_by_xsd[voltage]
PASSED tests/unit/test_units.py::test_every_xsd_unit_is_parseable[capacitance]
PASSED tests/unit/test_units.py::test_every_xsd_unit_is_parseable[concentration]
PASSED tests/unit/test_units.py::test_every_xsd_unit_is_parseable[conductance]
PASSED tests/unit/test_units.py::test_every_xsd_unit_is_parseable[conductanceDensity]
PASSED tests/unit/test_units.py::test_every_xsd_unit_is_parseable[current]
PASSED tests/unit/test_units.py::test_every_xsd_unit_is_parseable[length]
PASSED tests/unit/test_units.py::test_every_xsd_unit_is_parseable[per_time]
PASSED tests/unit/test_units.py::test_every_xsd_unit_is_parseable[resistivity]
PASSED tests/unit/test_units.py::test_every_xsd_unit_is_parseable[specificCapacitance]
PASSED tests/unit/test_units.py::test_every_xsd_unit_is_parseable[temperature]
PASSED tests/unit/test_units.py::test_every_xsd_unit_is_parseable[time]
PASSED tests/unit/test_units.py::test_every_xsd_unit_is_parseable[voltage]
PASSED tests/unit/test_units.py::test_format_number_special_values[0.0]
PASSED tests/unit/test_units.py::test_format_number_special_values[-0.0]
PASSED tests/unit/test_units.py::test_format_number_special_values[1.0]
PASSED tests/unit/test_units.py::test_format_number_special_values[2.0]
PASSED tests/unit/test_units.py::test_format_number_special_values[-70.0]
PASSED tests/unit/test_units.py::test_format_number_special_values[0.1]
PASSED tests/unit/test_units.py::test_format_number_special_values[0.3333333333333333]
PASSED tests/unit/test_units.py::test_format_number_special_values[0.15000000000000002]
PASSED tests/unit/test_units.py::test_format_number_special_values[1000000000000000.0]
PASSED tests/unit/test_units.py::test_format_number_special_values[1e+16]
PASSED tests/unit/test_units.py::test_format_number_special_values[1e+22]
PASSED tests/unit/test_units.py::test_format_number_special_values[0.0001]
PASSED tests/unit/test_units.py::test_format_number_special_values[1e-05]
PASSED tests/unit/test_units.py::test_format_number_special_values[1e-07]
PASSED tests/unit/test_units.py::test_format_number_special_values[-2.5e-10]
PASSED tests/unit/test_units.py::test_format_number_special_values[1.2345678901234568e+17]
PASSED tests/unit/test_units.py::test_format_number_special_values[5e-324]
PASSED tests/unit/test_units.py::test_format_number_special_values[2.2250738585072014e-308]
PASSED tests/unit/test_units.py::test_format_number_special_values[1.7976931348623157e+308]
PASSED tests/unit/test_units.py::test_format_number_special_values[0.005]
PASSED tests/unit/test_units.py::test_format_number_special_values[0.00125]
PASSED tests/unit/test_units.py::test_format_number_known_strings
PASSED tests/unit/test_units.py::test_format_number_never_emits_plus_and_round_trips_randomised
PASSED tests/unit/test_units.py::test_formatted_strings_match_xsd_patterns
PASSED tests/unit/test_units.py::test_plus_exponent_would_violate_xsd
PASSED tests/unit/test_units.py::test_format_number_rejects_non_finite[nan]
PASSED tests/unit/test_units.py::test_format_number_rejects_non_finite[inf]
PASSED tests/unit/test_units.py::test_format_number_rejects_non_finite[-inf]
PASSED tests/unit/test_units.py::test_format_quantity_spacing
PASSED tests/unit/test_units.py::test_module_docstring_states_xsd_rule
PASSED tests/unit/test_validation_levels.py::test_calibration_and_detection_of_the_three_trace_checks
PASSED tests/unit/test_validation_levels.py::test_protocols_unresolved_under_refinement_are_excluded_not_dropped
PASSED tests/unit/test_validation_levels.py::test_trace_detections_must_reproduce
PASSED tests/unit/test_validation_levels.py::test_severity_comes_only_from_the_recorded_magnitude[params0-mild]
PASSED tests/unit/test_validation_levels.py::test_severity_comes_only_from_the_recorded_magnitude[params1-mild]
PASSED tests/unit/test_validation_levels.py::test_severity_comes_only_from_the_recorded_magnitude[params2-mild]
PASSED tests/unit/test_validation_levels.py::test_severity_comes_only_from_the_recorded_magnitude[params3-strong]
PASSED tests/unit/test_validation_levels.py::test_severity_comes_only_from_the_recorded_magnitude[params4-strong]
PASSED tests/unit/test_validation_levels.py::test_severity_comes_only_from_the_recorded_magnitude[params5-intermediate]
PASSED tests/unit/test_validation_levels.py::test_severity_comes_only_from_the_recorded_magnitude[params6-mild]
PASSED tests/unit/test_validation_levels.py::test_severity_comes_only_from_the_recorded_magnitude[params7-strong]
PASSED tests/unit/test_validation_levels.py::test_severity_comes_only_from_the_recorded_magnitude[params8-strong]
PASSED tests/unit/test_validation_levels.py::test_severity_comes_only_from_the_recorded_magnitude[params9-intermediate]
PASSED tests/unit/test_validation_levels.py::test_severity_comes_only_from_the_recorded_magnitude[params10-not_applicable]
PASSED tests/unit/test_validation_levels.py::test_site_selection_draws_per_level_and_is_seeded
PASSED tests/unit/test_validation_levels.py::test_every_semantic_operator_has_an_analysis_family
PASSED tests/unit/test_validation_levels.py::test_candidate_rows_are_normalised_and_zero_conductances_are_not_sites
PASSED tests/unit/test_validation_levels.py::test_scaling_a_zero_conductance_is_not_a_site
SKIPPED [1] tests\unit\test_infra_bootstrap_java.py:413: set NEUROSEM_NETWORK_TESTS=1 for live API
================ 1065 passed, 1 skipped in 2337.27s (0:38:57) =================

--- stderr ---

